Log file open, 05/12/20 02:39:29
LogWindows: Failed to load 'aqProf.dll' (GetLastError=126)
LogWindows: File 'aqProf.dll' does not exist
LogWindows: Failed to load 'VtuneApi.dll' (GetLastError=126)
LogWindows: File 'VtuneApi.dll' does not exist
LogWindows: Failed to load 'VtuneApi32e.dll' (GetLastError=126)
LogWindows: File 'VtuneApi32e.dll' does not exist
LogConsoleResponse: Display: Failed to find resolution value strings in scalability ini. Falling back to default.
LogInit: Display: Running engine for game: MI482_Final
LogPlatformFile: Not using cached read wrapper
LogTaskGraph: Started task graph with 5 named threads and 23 total threads with 3 sets of task threads.
LogStats: Stats thread started at 0.083456
LogD3D11RHI: Loaded GFSDK_Aftermath_Lib.x64.dll
LogICUInternationalization: ICU TimeZone Detection - Raw Offset: -5:00, Platform Override: ''
LogPluginManager: Mounting plugin Paper2D
LogPluginManager: Mounting plugin AISupport
LogPluginManager: Mounting plugin LightPropagationVolume
LogPluginManager: Mounting plugin ActorLayerUtilities
LogPluginManager: Mounting plugin AnimationSharing
LogPluginManager: Mounting plugin CLionSourceCodeAccess
LogPluginManager: Mounting plugin CodeLiteSourceCodeAccess
LogPluginManager: Mounting plugin GitSourceControl
LogPluginManager: Mounting plugin KDevelopSourceCodeAccess
LogPluginManager: Mounting plugin NullSourceCodeAccess
LogPluginManager: Mounting plugin PerforceSourceControl
LogPluginManager: Mounting plugin PlasticSourceControl
LogPluginManager: Mounting plugin SubversionSourceControl
LogPluginManager: Mounting plugin UObjectPlugin
LogPluginManager: Mounting plugin VisualStudioCodeSourceCodeAccess
LogPluginManager: Mounting plugin VisualStudioSourceCodeAccess
LogPluginManager: Mounting plugin XCodeSourceCodeAccess
LogPluginManager: Mounting plugin AssetManagerEditor
LogPluginManager: Mounting plugin CryptoKeys
LogPluginManager: Mounting plugin CurveEditorTools
LogPluginManager: Mounting plugin DataValidation
LogPluginManager: Mounting plugin FacialAnimation
LogPluginManager: Mounting plugin GameplayTagsEditor
LogPluginManager: Mounting plugin MacGraphicsSwitching
LogPluginManager: Mounting plugin MaterialAnalyzer
LogPluginManager: Mounting plugin MobileLauncherProfileWizard
LogPluginManager: Mounting plugin PluginBrowser
LogPluginManager: Mounting plugin SpeedTreeImporter
LogPluginManager: Mounting plugin DatasmithContent
LogPluginManager: Mounting plugin VariantManagerContent
LogPluginManager: Mounting plugin AlembicImporter
LogPluginManager: Mounting plugin AutomationUtils
LogPluginManager: Mounting plugin BackChannel
LogPluginManager: Mounting plugin CharacterAI
LogPluginManager: Mounting plugin GeometryCache
LogPluginManager: Mounting plugin PlatformCrypto
LogPluginManager: Mounting plugin ProxyLODPlugin
LogPluginManager: Mounting plugin SkeletalReduction
LogPluginManager: Mounting plugin MagicLeap
LogPluginManager: Mounting plugin MagicLeapMedia
LogPluginManager: Mounting plugin MLSDK
LogPluginManager: Mounting plugin AndroidMedia
LogPluginManager: Mounting plugin AvfMedia
LogPluginManager: Mounting plugin ImgMedia
LogPluginManager: Mounting plugin MediaCompositing
LogPluginManager: Mounting plugin MediaPlayerEditor
LogPluginManager: Mounting plugin WebMMedia
LogPluginManager: Mounting plugin WmfMedia
LogPluginManager: Mounting plugin TcpMessaging
LogPluginManager: Mounting plugin UdpMessaging
LogPluginManager: Mounting plugin ActorSequence
LogPluginManager: Mounting plugin LevelSequenceEditor
LogPluginManager: Mounting plugin MatineeToLevelSequence
LogPluginManager: Mounting plugin NetcodeUnitTest
LogPluginManager: Mounting plugin NUTUnrealEngine4
LogPluginManager: Mounting plugin OnlineSubsystemGooglePlay
LogPluginManager: Mounting plugin OnlineSubsystemIOS
LogPluginManager: Mounting plugin OnlineSubsystem
LogPluginManager: Mounting plugin OnlineSubsystemNull
LogPluginManager: Mounting plugin OnlineSubsystemUtils
LogPluginManager: Mounting plugin LauncherChunkInstaller
LogPluginManager: Mounting plugin AndroidDeviceProfileSelector
LogPluginManager: Mounting plugin AndroidMoviePlayer
LogPluginManager: Mounting plugin AndroidPermission
LogPluginManager: Mounting plugin AppleImageUtils
LogPluginManager: Mounting plugin AppleMoviePlayer
LogPluginManager: Mounting plugin ArchVisCharacter
LogPluginManager: Mounting plugin AssetTags
LogPluginManager: Mounting plugin AudioCapture
LogPluginManager: Mounting plugin CableComponent
LogPluginManager: Mounting plugin CustomMeshComponent
LogPluginManager: Mounting plugin EditableMesh
LogPluginManager: Mounting plugin ExampleDeviceProfileSelector
LogPluginManager: Mounting plugin GoogleCloudMessaging
LogPluginManager: Mounting plugin IOSDeviceProfileSelector
LogPluginManager: Mounting plugin LinuxDeviceProfileSelector
LogPluginManager: Mounting plugin LocationServicesBPLibrary
LogPluginManager: Mounting plugin MobilePatchingUtils
LogPluginManager: Mounting plugin OculusVR
LogPluginManager: Mounting plugin PhysXVehicles
LogPluginManager: Mounting plugin PostSplashScreen
LogPluginManager: Mounting plugin ProceduralMeshComponent
LogPluginManager: Mounting plugin RuntimePhysXCooking
LogPluginManager: Mounting plugin SignificanceManager
LogPluginManager: Mounting plugin SteamVR
LogPluginManager: Mounting plugin WebMMoviePlayer
LogPluginManager: Mounting plugin WindowsMoviePlayer
LogPluginManager: Mounting plugin ScreenshotTools
LogInit: Using libcurl 7.55.1-DEV
LogInit:  - built for x86_64-pc-win32
LogInit:  - supports SSL with OpenSSL/1.1.1
LogInit:  - supports HTTP deflate (compression) using libz 1.2.8
LogInit:  - other features:
LogInit:      CURL_VERSION_SSL
LogInit:      CURL_VERSION_LIBZ
LogInit:      CURL_VERSION_IPV6
LogInit:      CURL_VERSION_ASYNCHDNS
LogInit:      CURL_VERSION_LARGEFILE
LogInit:      CURL_VERSION_IDN
LogInit:  CurlRequestOptions (configurable via config and command line):
LogInit:  - bVerifyPeer = true  - Libcurl will verify peer certificate
LogInit:  - bUseHttpProxy = false  - Libcurl will NOT use HTTP proxy
LogInit:  - bDontReuseConnections = false  - Libcurl will reuse connections
LogInit:  - MaxHostConnections = 16  - Libcurl will limit the number of connections to a host
LogInit:  - LocalHostAddr = Default
LogInit:  - BufferSize = 65536
LogOnline: OSS: Creating online subsystem instance for: NULL
LogInit: WinSock: version 1.1 (2.2), MaxSocks=32767, MaxUdp=65467
LogOnline: OSS: TryLoadSubsystemAndSetDefault: Loaded subsystem for module [NULL]
LogInit: Build: ++UE4+Release-4.24-CL-10757647
LogInit: Engine Version: 4.24.1-10757647+++UE4+Release-4.24
LogInit: Compatible Engine Version: 4.24.0-10570792+++UE4+Release-4.24
LogInit: Net CL: 10570792
LogInit: OS: Windows 10 (Release 1903) (), CPU: Intel(R) Core(TM) i7-8550U CPU @ 1.80GHz, GPU: Intel(R) UHD Graphics 620
LogInit: Compiled (64-bit): Dec 17 2019 02:08:03
LogInit: Compiled with Visual C++: 19.16.27032.01
LogInit: Build Configuration: Development
LogInit: Branch Name: ++UE4+Release-4.24
LogInit: Command Line: 
LogInit: Base Directory: C:/Program Files/Epic Games/UE_4.24/Engine/Binaries/Win64/
LogInit: Installed Engine Build: 1
LogDevObjectVersion: Number of dev versions registered: 25
LogDevObjectVersion:   Dev-Blueprints (B0D832E4-1F89-4F0D-ACCF-7EB736FD4AA2): 10
LogDevObjectVersion:   Dev-Build (E1C64328-A22C-4D53-A36C-8E866417BD8C): 0
LogDevObjectVersion:   Dev-Core (375EC13C-06E4-48FB-B500-84F0262A717E): 3
LogDevObjectVersion:   Dev-Editor (E4B068ED-F494-42E9-A231-DA0B2E46BB41): 37
LogDevObjectVersion:   Dev-Framework (CFFC743F-43B0-4480-9391-14DF171D2073): 36
LogDevObjectVersion:   Dev-Mobile (B02B49B5-BB20-44E9-A304-32B752E40360): 2
LogDevObjectVersion:   Dev-Networking (A4E4105C-59A1-49B5-A7C5-40C4547EDFEE): 0
LogDevObjectVersion:   Dev-Online (39C831C9-5AE6-47DC-9A44-9C173E1C8E7C): 0
LogDevObjectVersion:   Dev-Physics (78F01B33-EBEA-4F98-B9B4-84EACCB95AA2): 2
LogDevObjectVersion:   Dev-Platform (6631380F-2D4D-43E0-8009-CF276956A95A): 0
LogDevObjectVersion:   Dev-Rendering (12F88B9F-8875-4AFC-A67C-D90C383ABD29): 36
LogDevObjectVersion:   Dev-Sequencer (7B5AE74C-D270-4C10-A958-57980B212A5A): 11
LogDevObjectVersion:   Dev-VR (D7296918-1DD6-4BDD-9DE2-64A83CC13884): 2
LogDevObjectVersion:   Dev-LoadTimes (C2A15278-BFE7-4AFE-6C17-90FF531DF755): 1
LogDevObjectVersion:   Private-Geometry (6EACA3D4-40EC-4CC1-B786-8BED09428FC5): 3
LogDevObjectVersion:   Dev-AnimPhys (29E575DD-E0A3-4627-9D10-D276232CDCEA): 17
LogDevObjectVersion:   Dev-Anim (AF43A65D-7FD3-4947-9873-3E8ED9C1BB05): 2
LogDevObjectVersion:   Dev-ReflectionCapture (6B266CEC-1EC7-4B8F-A30B-E4D90942FC07): 1
LogDevObjectVersion:   Dev-Automation (0DF73D61-A23F-47EA-B727-89E90C41499A): 1
LogDevObjectVersion:   FortniteMain (601D1886-AC64-4F84-AA16-D3DE0DEAC7D6): 31
LogDevObjectVersion:   Dev-Enterprise (9DFFBCD6-494F-0158-E221-12823C92A888): 8
LogDevObjectVersion:   Dev-Niagara (F2AED0AC-9AFE-416F-8664-AA7FFA26D6FC): 1
LogDevObjectVersion:   Dev-Destruction (174F1F0B-B4C6-45A5-B13F-2EE8D0FB917D): 9
LogDevObjectVersion:   Dev-Physics-Ext (35F94A83-E258-406C-A318-09F59610247C): 8
LogDevObjectVersion:   Dev-CineCamera (B2E18506-4273-CFC2-A54E-F4BB758BBA07): 1
LogInit: Presizing for max 25165824 objects, including 0 objects not considered by GC, pre-allocating 0 bytes for permanent pool.
LogInit: Object subsystem initialized
LogConfig: Setting CVar [[con.DebugEarlyDefault:1]]
LogConfig: Setting CVar [[r.setres:1280x720]]
[2020.05.12-06.39.30:016][  0]LogConfig: Setting CVar [[r.VSync:0]]
[2020.05.12-06.39.30:016][  0]LogConfig: Setting CVar [[r.RHICmdBypass:0]]
[2020.05.12-06.39.30:016][  0]LogConfig: Applying CVar settings from Section [/Script/Engine.RendererSettings] File [C:/Users/roman/OneDrive/Documents/Unreal Projects/MI482_Final/Saved/Config/Windows/Engine.ini]
[2020.05.12-06.39.30:016][  0]LogConfig: Setting CVar [[r.GPUCrashDebugging:0]]
[2020.05.12-06.39.30:016][  0]LogConfig: Applying CVar settings from Section [/Script/Engine.RendererOverrideSettings] File [C:/Users/roman/OneDrive/Documents/Unreal Projects/MI482_Final/Saved/Config/Windows/Engine.ini]
[2020.05.12-06.39.30:016][  0]LogConfig: Applying CVar settings from Section [/Script/Engine.StreamingSettings] File [C:/Users/roman/OneDrive/Documents/Unreal Projects/MI482_Final/Saved/Config/Windows/Engine.ini]
[2020.05.12-06.39.30:016][  0]LogConfig: Setting CVar [[s.MinBulkDataSizeForAsyncLoading:131072]]
[2020.05.12-06.39.30:016][  0]LogConfig: Setting CVar [[s.AsyncLoadingThreadEnabled:0]]
[2020.05.12-06.39.30:016][  0]LogConfig: Setting CVar [[s.EventDrivenLoaderEnabled:1]]
[2020.05.12-06.39.30:017][  0]LogConfig: Setting CVar [[s.WarnIfTimeLimitExceeded:0]]
[2020.05.12-06.39.30:017][  0]LogConfig: Setting CVar [[s.TimeLimitExceededMultiplier:1.5]]
[2020.05.12-06.39.30:017][  0]LogConfig: Setting CVar [[s.TimeLimitExceededMinTime:0.005]]
[2020.05.12-06.39.30:017][  0]LogConfig: Setting CVar [[s.UseBackgroundLevelStreaming:1]]
[2020.05.12-06.39.30:017][  0]LogConfig: Setting CVar [[s.PriorityAsyncLoadingExtraTime:15.0]]
[2020.05.12-06.39.30:017][  0]LogConfig: Setting CVar [[s.LevelStreamingActorsUpdateTimeLimit:5.0]]
[2020.05.12-06.39.30:017][  0]LogConfig: Setting CVar [[s.PriorityLevelStreamingActorsUpdateExtraTime:5.0]]
[2020.05.12-06.39.30:017][  0]LogConfig: Setting CVar [[s.LevelStreamingComponentsRegistrationGranularity:10]]
[2020.05.12-06.39.30:017][  0]LogConfig: Setting CVar [[s.UnregisterComponentsTimeLimit:1.0]]
[2020.05.12-06.39.30:017][  0]LogConfig: Setting CVar [[s.LevelStreamingComponentsUnregistrationGranularity:5]]
[2020.05.12-06.39.30:017][  0]LogConfig: Setting CVar [[s.FlushStreamingOnExit:1]]
[2020.05.12-06.39.30:017][  0]LogConfig: Applying CVar settings from Section [/Script/Engine.GarbageCollectionSettings] File [C:/Users/roman/OneDrive/Documents/Unreal Projects/MI482_Final/Saved/Config/Windows/Engine.ini]
[2020.05.12-06.39.30:017][  0]LogConfig: Setting CVar [[gc.MaxObjectsNotConsideredByGC:1]]
[2020.05.12-06.39.30:017][  0]LogConfig: Setting CVar [[gc.SizeOfPermanentObjectPool:0]]
[2020.05.12-06.39.30:017][  0]LogConfig: Setting CVar [[gc.FlushStreamingOnGC:0]]
[2020.05.12-06.39.30:017][  0]LogConfig: Setting CVar [[gc.NumRetriesBeforeForcingGC:10]]
[2020.05.12-06.39.30:017][  0]LogConfig: Setting CVar [[gc.AllowParallelGC:1]]
[2020.05.12-06.39.30:017][  0]LogConfig: Setting CVar [[gc.TimeBetweenPurgingPendingKillObjects:61.1]]
[2020.05.12-06.39.30:017][  0]LogConfig: Setting CVar [[gc.MaxObjectsInEditor:25165824]]
[2020.05.12-06.39.30:017][  0]LogConfig: Setting CVar [[gc.IncrementalBeginDestroyEnabled:1]]
[2020.05.12-06.39.30:017][  0]LogConfig: Setting CVar [[gc.CreateGCClusters:1]]
[2020.05.12-06.39.30:017][  0]LogConfig: Setting CVar [[gc.MinGCClusterSize:5]]
[2020.05.12-06.39.30:017][  0]LogConfig: Setting CVar [[gc.ActorClusteringEnabled:0]]
[2020.05.12-06.39.30:017][  0]LogConfig: Setting CVar [[gc.BlueprintClusteringEnabled:0]]
[2020.05.12-06.39.30:017][  0]LogConfig: Setting CVar [[gc.UseDisregardForGCOnDedicatedServers:0]]
[2020.05.12-06.39.30:017][  0]LogConfig: Applying CVar settings from Section [/Script/Engine.NetworkSettings] File [C:/Users/roman/OneDrive/Documents/Unreal Projects/MI482_Final/Saved/Config/Windows/Engine.ini]
[2020.05.12-06.39.30:017][  0]LogConfig: Applying CVar settings from Section [/Script/UnrealEd.CookerSettings] File [C:/Users/roman/OneDrive/Documents/Unreal Projects/MI482_Final/Saved/Config/Windows/Engine.ini]
[2020.05.12-06.39.30:019][  0]LogConfig: Applying CVar settings from Section [ViewDistanceQuality@3] File [C:/Users/roman/OneDrive/Documents/Unreal Projects/MI482_Final/Saved/Config/Windows/Scalability.ini]
[2020.05.12-06.39.30:019][  0]LogConfig: Setting CVar [[r.SkeletalMeshLODBias:0]]
[2020.05.12-06.39.30:019][  0]LogConfig: Setting CVar [[r.ViewDistanceScale:1.0]]
[2020.05.12-06.39.30:019][  0]LogConfig: Applying CVar settings from Section [AntiAliasingQuality@3] File [C:/Users/roman/OneDrive/Documents/Unreal Projects/MI482_Final/Saved/Config/Windows/Scalability.ini]
[2020.05.12-06.39.30:019][  0]LogConfig: Setting CVar [[r.PostProcessAAQuality:4]]
[2020.05.12-06.39.30:019][  0]LogConfig: Applying CVar settings from Section [ShadowQuality@3] File [C:/Users/roman/OneDrive/Documents/Unreal Projects/MI482_Final/Saved/Config/Windows/Scalability.ini]
[2020.05.12-06.39.30:019][  0]LogConfig: Setting CVar [[r.LightFunctionQuality:1]]
[2020.05.12-06.39.30:019][  0]LogConfig: Setting CVar [[r.ShadowQuality:5]]
[2020.05.12-06.39.30:019][  0]LogConfig: Setting CVar [[r.Shadow.CSM.MaxCascades:10]]
[2020.05.12-06.39.30:019][  0]LogConfig: Setting CVar [[r.Shadow.MaxResolution:2048]]
[2020.05.12-06.39.30:019][  0]LogConfig: Setting CVar [[r.Shadow.MaxCSMResolution:2048]]
[2020.05.12-06.39.30:019][  0]LogConfig: Setting CVar [[r.Shadow.RadiusThreshold:0.01]]
[2020.05.12-06.39.30:019][  0]LogConfig: Setting CVar [[r.Shadow.DistanceScale:1.0]]
[2020.05.12-06.39.30:019][  0]LogConfig: Setting CVar [[r.Shadow.CSM.TransitionScale:1.0]]
[2020.05.12-06.39.30:019][  0]LogConfig: Setting CVar [[r.Shadow.PreShadowResolutionFactor:1.0]]
[2020.05.12-06.39.30:019][  0]LogConfig: Setting CVar [[r.DistanceFieldShadowing:1]]
[2020.05.12-06.39.30:019][  0]LogConfig: Setting CVar [[r.DistanceFieldAO:1]]
[2020.05.12-06.39.30:019][  0]LogConfig: Setting CVar [[r.AOQuality:2]]
[2020.05.12-06.39.30:019][  0]LogConfig: Setting CVar [[r.VolumetricFog:1]]
[2020.05.12-06.39.30:019][  0]LogConfig: Setting CVar [[r.VolumetricFog.GridPixelSize:8]]
[2020.05.12-06.39.30:019][  0]LogConfig: Setting CVar [[r.VolumetricFog.GridSizeZ:128]]
[2020.05.12-06.39.30:019][  0]LogConfig: Setting CVar [[r.VolumetricFog.HistoryMissSupersampleCount:4]]
[2020.05.12-06.39.30:019][  0]LogConfig: Setting CVar [[r.LightMaxDrawDistanceScale:1]]
[2020.05.12-06.39.30:019][  0]LogConfig: Setting CVar [[r.CapsuleShadows:1]]
[2020.05.12-06.39.30:020][  0]LogConfig: Applying CVar settings from Section [PostProcessQuality@3] File [C:/Users/roman/OneDrive/Documents/Unreal Projects/MI482_Final/Saved/Config/Windows/Scalability.ini]
[2020.05.12-06.39.30:020][  0]LogConfig: Setting CVar [[r.MotionBlurQuality:4]]
[2020.05.12-06.39.30:020][  0]LogConfig: Setting CVar [[r.AmbientOcclusionMipLevelFactor:0.4]]
[2020.05.12-06.39.30:020][  0]LogConfig: Setting CVar [[r.AmbientOcclusionMaxQuality:100]]
[2020.05.12-06.39.30:020][  0]LogConfig: Setting CVar [[r.AmbientOcclusionLevels:-1]]
[2020.05.12-06.39.30:020][  0]LogConfig: Setting CVar [[r.AmbientOcclusionRadiusScale:1.0]]
[2020.05.12-06.39.30:020][  0]LogConfig: Setting CVar [[r.DepthOfFieldQuality:2]]
[2020.05.12-06.39.30:020][  0]LogConfig: Setting CVar [[r.RenderTargetPoolMin:400]]
[2020.05.12-06.39.30:020][  0]LogConfig: Setting CVar [[r.LensFlareQuality:2]]
[2020.05.12-06.39.30:020][  0]LogConfig: Setting CVar [[r.SceneColorFringeQuality:1]]
[2020.05.12-06.39.30:020][  0]LogConfig: Setting CVar [[r.EyeAdaptationQuality:2]]
[2020.05.12-06.39.30:020][  0]LogConfig: Setting CVar [[r.BloomQuality:5]]
[2020.05.12-06.39.30:020][  0]LogConfig: Setting CVar [[r.FastBlurThreshold:100]]
[2020.05.12-06.39.30:020][  0]LogConfig: Setting CVar [[r.Upscale.Quality:3]]
[2020.05.12-06.39.30:020][  0]LogConfig: Setting CVar [[r.Tonemapper.GrainQuantization:1]]
[2020.05.12-06.39.30:020][  0]LogConfig: Setting CVar [[r.LightShaftQuality:1]]
[2020.05.12-06.39.30:020][  0]LogConfig: Setting CVar [[r.Filter.SizeScale:1]]
[2020.05.12-06.39.30:020][  0]LogConfig: Setting CVar [[r.Tonemapper.Quality:5]]
[2020.05.12-06.39.30:020][  0]LogConfig: Setting CVar [[r.DOF.Gather.AccumulatorQuality:1        ; higher gathering accumulator quality]]
[2020.05.12-06.39.30:020][  0]LogConfig: Setting CVar [[r.DOF.Gather.PostfilterMethod:1          ; Median3x3 postfilering method]]
[2020.05.12-06.39.30:020][  0]LogConfig: Setting CVar [[r.DOF.Gather.EnableBokehSettings:0       ; no bokeh simulation when gathering]]
[2020.05.12-06.39.30:020][  0]LogConfig: Setting CVar [[r.DOF.Gather.RingCount:4                 ; medium number of samples when gathering]]
[2020.05.12-06.39.30:020][  0]LogConfig: Setting CVar [[r.DOF.Scatter.ForegroundCompositing:1    ; additive foreground scattering]]
[2020.05.12-06.39.30:020][  0]LogConfig: Setting CVar [[r.DOF.Scatter.BackgroundCompositing:2    ; additive background scattering]]
[2020.05.12-06.39.30:020][  0]LogConfig: Setting CVar [[r.DOF.Scatter.EnableBokehSettings:1      ; bokeh simulation when scattering]]
[2020.05.12-06.39.30:020][  0]LogConfig: Setting CVar [[r.DOF.Scatter.MaxSpriteRatio:0.1         ; only a maximum of 10% of scattered bokeh]]
[2020.05.12-06.39.30:020][  0]LogConfig: Setting CVar [[r.DOF.Recombine.Quality:1                ; cheap slight out of focus]]
[2020.05.12-06.39.30:020][  0]LogConfig: Setting CVar [[r.DOF.Recombine.EnableBokehSettings:0    ; no bokeh simulation on slight out of focus]]
[2020.05.12-06.39.30:020][  0]LogConfig: Setting CVar [[r.DOF.TemporalAAQuality:1                ; more stable temporal accumulation]]
[2020.05.12-06.39.30:020][  0]LogConfig: Setting CVar [[r.DOF.Kernel.MaxForegroundRadius:0.025]]
[2020.05.12-06.39.30:020][  0]LogConfig: Setting CVar [[r.DOF.Kernel.MaxBackgroundRadius:0.025]]
[2020.05.12-06.39.30:020][  0]LogConfig: Applying CVar settings from Section [TextureQuality@3] File [C:/Users/roman/OneDrive/Documents/Unreal Projects/MI482_Final/Saved/Config/Windows/Scalability.ini]
[2020.05.12-06.39.30:020][  0]LogConfig: Setting CVar [[r.Streaming.MipBias:0]]
[2020.05.12-06.39.30:020][  0]LogConfig: Setting CVar [[r.Streaming.AmortizeCPUToGPUCopy:0]]
[2020.05.12-06.39.30:020][  0]LogConfig: Setting CVar [[r.Streaming.MaxNumTexturesToStreamPerFrame:0]]
[2020.05.12-06.39.30:020][  0]LogConfig: Setting CVar [[r.Streaming.Boost:1]]
[2020.05.12-06.39.30:020][  0]LogConfig: Setting CVar [[r.MaxAnisotropy:8]]
[2020.05.12-06.39.30:020][  0]LogConfig: Setting CVar [[r.VT.MaxAnisotropy:8]]
[2020.05.12-06.39.30:020][  0]LogConfig: Setting CVar [[r.Streaming.LimitPoolSizeToVRAM:0]]
[2020.05.12-06.39.30:020][  0]LogConfig: Setting CVar [[r.Streaming.PoolSize:1000]]
[2020.05.12-06.39.30:020][  0]LogConfig: Setting CVar [[r.Streaming.MaxEffectiveScreenSize:0]]
[2020.05.12-06.39.30:020][  0]LogConfig: Applying CVar settings from Section [EffectsQuality@3] File [C:/Users/roman/OneDrive/Documents/Unreal Projects/MI482_Final/Saved/Config/Windows/Scalability.ini]
[2020.05.12-06.39.30:020][  0]LogConfig: Setting CVar [[r.TranslucencyLightingVolumeDim:64]]
[2020.05.12-06.39.30:020][  0]LogConfig: Setting CVar [[r.RefractionQuality:2]]
[2020.05.12-06.39.30:020][  0]LogConfig: Setting CVar [[r.SSR.Quality:3]]
[2020.05.12-06.39.30:020][  0]LogConfig: Setting CVar [[r.SSR.HalfResSceneColor:0]]
[2020.05.12-06.39.30:020][  0]LogConfig: Setting CVar [[r.SceneColorFormat:4]]
[2020.05.12-06.39.30:020][  0]LogConfig: Setting CVar [[r.DetailMode:2]]
[2020.05.12-06.39.30:020][  0]LogConfig: Setting CVar [[r.TranslucencyVolumeBlur:1]]
[2020.05.12-06.39.30:020][  0]LogConfig: Setting CVar [[r.MaterialQualityLevel:1 ; High quality]]
[2020.05.12-06.39.30:020][  0]LogConfig: Setting CVar [[r.SSS.Scale:1]]
[2020.05.12-06.39.30:021][  0]LogConfig: Setting CVar [[r.SSS.SampleSet:2]]
[2020.05.12-06.39.30:021][  0]LogConfig: Setting CVar [[r.SSS.Quality:1]]
[2020.05.12-06.39.30:021][  0]LogConfig: Setting CVar [[r.SSS.HalfRes:1]]
[2020.05.12-06.39.30:021][  0]LogConfig: Setting CVar [[r.SSGI.Quality:3]]
[2020.05.12-06.39.30:021][  0]LogConfig: Setting CVar [[r.EmitterSpawnRateScale:1.0]]
[2020.05.12-06.39.30:021][  0]LogConfig: Setting CVar [[r.ParticleLightQuality:2]]
[2020.05.12-06.39.30:021][  0]LogConfig: Setting CVar [[r.SkyAtmosphere.AerialPerspectiveLUT.FastApplyOnOpaque:1 ; Always have FastSkyLUT 1 in this case to avoid wrong sky]]
[2020.05.12-06.39.30:021][  0]LogConfig: Setting CVar [[r.SkyAtmosphere.AerialPerspectiveLUT.SampleCountPerSlice:1]]
[2020.05.12-06.39.30:021][  0]LogConfig: Setting CVar [[r.SkyAtmosphere.AerialPerspectiveLUT.DepthResolution:16.0]]
[2020.05.12-06.39.30:021][  0]LogConfig: Setting CVar [[r.SkyAtmosphere.FastSkyLUT:1]]
[2020.05.12-06.39.30:021][  0]LogConfig: Setting CVar [[r.SkyAtmosphere.FastSkyLUT.SampleCountMin:4.0]]
[2020.05.12-06.39.30:021][  0]LogConfig: Setting CVar [[r.SkyAtmosphere.FastSkyLUT.SampleCountMax:32.0]]
[2020.05.12-06.39.30:021][  0]LogConfig: Setting CVar [[r.SkyAtmosphere.SampleCountMin:4.0]]
[2020.05.12-06.39.30:021][  0]LogConfig: Setting CVar [[r.SkyAtmosphere.SampleCountMax:32.0]]
[2020.05.12-06.39.30:021][  0]LogConfig: Setting CVar [[r.SkyAtmosphere.TransmittanceLUT.UseSmallFormat:0]]
[2020.05.12-06.39.30:021][  0]LogConfig: Setting CVar [[r.SkyAtmosphere.TransmittanceLUT.SampleCount:10.0]]
[2020.05.12-06.39.30:021][  0]LogConfig: Setting CVar [[r.SkyAtmosphere.MultiScatteringLUT.SampleCount:15.0]]
[2020.05.12-06.39.30:021][  0]LogConfig: Applying CVar settings from Section [FoliageQuality@3] File [C:/Users/roman/OneDrive/Documents/Unreal Projects/MI482_Final/Saved/Config/Windows/Scalability.ini]
[2020.05.12-06.39.30:021][  0]LogConfig: Setting CVar [[foliage.DensityScale:1.0]]
[2020.05.12-06.39.30:021][  0]LogConfig: Setting CVar [[grass.DensityScale:1.0]]
[2020.05.12-06.39.30:021][  0]LogConfig: Applying CVar settings from Section [ShadingQuality@3] File [C:/Users/roman/OneDrive/Documents/Unreal Projects/MI482_Final/Saved/Config/Windows/Scalability.ini]
[2020.05.12-06.39.30:021][  0]LogConfig: Setting CVar [[r.HairStrands.SkyLighting.SampleCount:16]]
[2020.05.12-06.39.30:021][  0]LogConfig: Setting CVar [[r.HairStrands.SkyLighting.JitterIntegration:0]]
[2020.05.12-06.39.30:021][  0]LogConfig: Setting CVar [[r.HairStrands.SkyAO.SampleCount:16]]
[2020.05.12-06.39.30:021][  0]LogInit: Selected Device Profile: [Windows]
[2020.05.12-06.39.30:021][  0]LogInit: Applying CVar settings loaded from the selected device profile: [Windows]
[2020.05.12-06.39.30:044][  0]LogHAL: Display: Platform has ~ 8 GB [8415694848 / 8589934592 / 8], which maps to Default [LargestMinGB=32, LargerMinGB=12, DefaultMinGB=8, SmallerMinGB=6, SmallestMinGB=0)
[2020.05.12-06.39.30:044][  0]LogInit: Going up to parent DeviceProfile []
[2020.05.12-06.39.30:045][  0]LogConfig: Applying CVar settings from Section [ViewDistanceQuality@3] File [C:/Users/roman/OneDrive/Documents/Unreal Projects/MI482_Final/Saved/Config/Windows/Scalability.ini]
[2020.05.12-06.39.30:045][  0]LogConfig: Setting CVar [[r.SkeletalMeshLODBias:0]]
[2020.05.12-06.39.30:045][  0]LogConfig: Setting CVar [[r.ViewDistanceScale:1.0]]
[2020.05.12-06.39.30:045][  0]LogConfig: Applying CVar settings from Section [AntiAliasingQuality@3] File [C:/Users/roman/OneDrive/Documents/Unreal Projects/MI482_Final/Saved/Config/Windows/Scalability.ini]
[2020.05.12-06.39.30:045][  0]LogConfig: Setting CVar [[r.PostProcessAAQuality:4]]
[2020.05.12-06.39.30:045][  0]LogConfig: Applying CVar settings from Section [ShadowQuality@3] File [C:/Users/roman/OneDrive/Documents/Unreal Projects/MI482_Final/Saved/Config/Windows/Scalability.ini]
[2020.05.12-06.39.30:045][  0]LogConfig: Setting CVar [[r.LightFunctionQuality:1]]
[2020.05.12-06.39.30:045][  0]LogConfig: Setting CVar [[r.ShadowQuality:5]]
[2020.05.12-06.39.30:045][  0]LogConfig: Setting CVar [[r.Shadow.CSM.MaxCascades:10]]
[2020.05.12-06.39.30:045][  0]LogConfig: Setting CVar [[r.Shadow.MaxResolution:2048]]
[2020.05.12-06.39.30:045][  0]LogConfig: Setting CVar [[r.Shadow.MaxCSMResolution:2048]]
[2020.05.12-06.39.30:045][  0]LogConfig: Setting CVar [[r.Shadow.RadiusThreshold:0.01]]
[2020.05.12-06.39.30:045][  0]LogConfig: Setting CVar [[r.Shadow.DistanceScale:1.0]]
[2020.05.12-06.39.30:045][  0]LogConfig: Setting CVar [[r.Shadow.CSM.TransitionScale:1.0]]
[2020.05.12-06.39.30:045][  0]LogConfig: Setting CVar [[r.Shadow.PreShadowResolutionFactor:1.0]]
[2020.05.12-06.39.30:045][  0]LogConfig: Setting CVar [[r.DistanceFieldShadowing:1]]
[2020.05.12-06.39.30:045][  0]LogConfig: Setting CVar [[r.DistanceFieldAO:1]]
[2020.05.12-06.39.30:045][  0]LogConfig: Setting CVar [[r.AOQuality:2]]
[2020.05.12-06.39.30:045][  0]LogConfig: Setting CVar [[r.VolumetricFog:1]]
[2020.05.12-06.39.30:045][  0]LogConfig: Setting CVar [[r.VolumetricFog.GridPixelSize:8]]
[2020.05.12-06.39.30:045][  0]LogConfig: Setting CVar [[r.VolumetricFog.GridSizeZ:128]]
[2020.05.12-06.39.30:045][  0]LogConfig: Setting CVar [[r.VolumetricFog.HistoryMissSupersampleCount:4]]
[2020.05.12-06.39.30:045][  0]LogConfig: Setting CVar [[r.LightMaxDrawDistanceScale:1]]
[2020.05.12-06.39.30:045][  0]LogConfig: Setting CVar [[r.CapsuleShadows:1]]
[2020.05.12-06.39.30:045][  0]LogConfig: Applying CVar settings from Section [PostProcessQuality@3] File [C:/Users/roman/OneDrive/Documents/Unreal Projects/MI482_Final/Saved/Config/Windows/Scalability.ini]
[2020.05.12-06.39.30:045][  0]LogConfig: Setting CVar [[r.MotionBlurQuality:4]]
[2020.05.12-06.39.30:045][  0]LogConfig: Setting CVar [[r.AmbientOcclusionMipLevelFactor:0.4]]
[2020.05.12-06.39.30:045][  0]LogConfig: Setting CVar [[r.AmbientOcclusionMaxQuality:100]]
[2020.05.12-06.39.30:045][  0]LogConfig: Setting CVar [[r.AmbientOcclusionLevels:-1]]
[2020.05.12-06.39.30:045][  0]LogConfig: Setting CVar [[r.AmbientOcclusionRadiusScale:1.0]]
[2020.05.12-06.39.30:045][  0]LogConfig: Setting CVar [[r.DepthOfFieldQuality:2]]
[2020.05.12-06.39.30:045][  0]LogConfig: Setting CVar [[r.RenderTargetPoolMin:400]]
[2020.05.12-06.39.30:045][  0]LogConfig: Setting CVar [[r.LensFlareQuality:2]]
[2020.05.12-06.39.30:045][  0]LogConfig: Setting CVar [[r.SceneColorFringeQuality:1]]
[2020.05.12-06.39.30:045][  0]LogConfig: Setting CVar [[r.EyeAdaptationQuality:2]]
[2020.05.12-06.39.30:045][  0]LogConfig: Setting CVar [[r.BloomQuality:5]]
[2020.05.12-06.39.30:045][  0]LogConfig: Setting CVar [[r.FastBlurThreshold:100]]
[2020.05.12-06.39.30:045][  0]LogConfig: Setting CVar [[r.Upscale.Quality:3]]
[2020.05.12-06.39.30:045][  0]LogConfig: Setting CVar [[r.Tonemapper.GrainQuantization:1]]
[2020.05.12-06.39.30:045][  0]LogConfig: Setting CVar [[r.LightShaftQuality:1]]
[2020.05.12-06.39.30:045][  0]LogConfig: Setting CVar [[r.Filter.SizeScale:1]]
[2020.05.12-06.39.30:045][  0]LogConfig: Setting CVar [[r.Tonemapper.Quality:5]]
[2020.05.12-06.39.30:045][  0]LogConfig: Setting CVar [[r.DOF.Gather.AccumulatorQuality:1        ; higher gathering accumulator quality]]
[2020.05.12-06.39.30:045][  0]LogConfig: Setting CVar [[r.DOF.Gather.PostfilterMethod:1          ; Median3x3 postfilering method]]
[2020.05.12-06.39.30:045][  0]LogConfig: Setting CVar [[r.DOF.Gather.EnableBokehSettings:0       ; no bokeh simulation when gathering]]
[2020.05.12-06.39.30:045][  0]LogConfig: Setting CVar [[r.DOF.Gather.RingCount:4                 ; medium number of samples when gathering]]
[2020.05.12-06.39.30:045][  0]LogConfig: Setting CVar [[r.DOF.Scatter.ForegroundCompositing:1    ; additive foreground scattering]]
[2020.05.12-06.39.30:045][  0]LogConfig: Setting CVar [[r.DOF.Scatter.BackgroundCompositing:2    ; additive background scattering]]
[2020.05.12-06.39.30:045][  0]LogConfig: Setting CVar [[r.DOF.Scatter.EnableBokehSettings:1      ; bokeh simulation when scattering]]
[2020.05.12-06.39.30:045][  0]LogConfig: Setting CVar [[r.DOF.Scatter.MaxSpriteRatio:0.1         ; only a maximum of 10% of scattered bokeh]]
[2020.05.12-06.39.30:045][  0]LogConfig: Setting CVar [[r.DOF.Recombine.Quality:1                ; cheap slight out of focus]]
[2020.05.12-06.39.30:045][  0]LogConfig: Setting CVar [[r.DOF.Recombine.EnableBokehSettings:0    ; no bokeh simulation on slight out of focus]]
[2020.05.12-06.39.30:045][  0]LogConfig: Setting CVar [[r.DOF.TemporalAAQuality:1                ; more stable temporal accumulation]]
[2020.05.12-06.39.30:045][  0]LogConfig: Setting CVar [[r.DOF.Kernel.MaxForegroundRadius:0.025]]
[2020.05.12-06.39.30:045][  0]LogConfig: Setting CVar [[r.DOF.Kernel.MaxBackgroundRadius:0.025]]
[2020.05.12-06.39.30:045][  0]LogConfig: Applying CVar settings from Section [TextureQuality@3] File [C:/Users/roman/OneDrive/Documents/Unreal Projects/MI482_Final/Saved/Config/Windows/Scalability.ini]
[2020.05.12-06.39.30:045][  0]LogConfig: Setting CVar [[r.Streaming.MipBias:0]]
[2020.05.12-06.39.30:045][  0]LogConfig: Setting CVar [[r.Streaming.AmortizeCPUToGPUCopy:0]]
[2020.05.12-06.39.30:045][  0]LogConfig: Setting CVar [[r.Streaming.MaxNumTexturesToStreamPerFrame:0]]
[2020.05.12-06.39.30:045][  0]LogConfig: Setting CVar [[r.Streaming.Boost:1]]
[2020.05.12-06.39.30:045][  0]LogConfig: Setting CVar [[r.MaxAnisotropy:8]]
[2020.05.12-06.39.30:045][  0]LogConfig: Setting CVar [[r.VT.MaxAnisotropy:8]]
[2020.05.12-06.39.30:045][  0]LogConfig: Setting CVar [[r.Streaming.LimitPoolSizeToVRAM:0]]
[2020.05.12-06.39.30:045][  0]LogConfig: Setting CVar [[r.Streaming.PoolSize:1000]]
[2020.05.12-06.39.30:045][  0]LogConfig: Setting CVar [[r.Streaming.MaxEffectiveScreenSize:0]]
[2020.05.12-06.39.30:045][  0]LogConfig: Applying CVar settings from Section [EffectsQuality@3] File [C:/Users/roman/OneDrive/Documents/Unreal Projects/MI482_Final/Saved/Config/Windows/Scalability.ini]
[2020.05.12-06.39.30:045][  0]LogConfig: Setting CVar [[r.TranslucencyLightingVolumeDim:64]]
[2020.05.12-06.39.30:046][  0]LogConfig: Setting CVar [[r.RefractionQuality:2]]
[2020.05.12-06.39.30:046][  0]LogConfig: Setting CVar [[r.SSR.Quality:3]]
[2020.05.12-06.39.30:046][  0]LogConfig: Setting CVar [[r.SSR.HalfResSceneColor:0]]
[2020.05.12-06.39.30:046][  0]LogConfig: Setting CVar [[r.SceneColorFormat:4]]
[2020.05.12-06.39.30:046][  0]LogConfig: Setting CVar [[r.DetailMode:2]]
[2020.05.12-06.39.30:046][  0]LogConfig: Setting CVar [[r.TranslucencyVolumeBlur:1]]
[2020.05.12-06.39.30:046][  0]LogConfig: Setting CVar [[r.MaterialQualityLevel:1 ; High quality]]
[2020.05.12-06.39.30:046][  0]LogConfig: Setting CVar [[r.SSS.Scale:1]]
[2020.05.12-06.39.30:046][  0]LogConfig: Setting CVar [[r.SSS.SampleSet:2]]
[2020.05.12-06.39.30:046][  0]LogConfig: Setting CVar [[r.SSS.Quality:1]]
[2020.05.12-06.39.30:046][  0]LogConfig: Setting CVar [[r.SSS.HalfRes:1]]
[2020.05.12-06.39.30:046][  0]LogConfig: Setting CVar [[r.SSGI.Quality:3]]
[2020.05.12-06.39.30:046][  0]LogConfig: Setting CVar [[r.EmitterSpawnRateScale:1.0]]
[2020.05.12-06.39.30:046][  0]LogConfig: Setting CVar [[r.ParticleLightQuality:2]]
[2020.05.12-06.39.30:046][  0]LogConfig: Setting CVar [[r.SkyAtmosphere.AerialPerspectiveLUT.FastApplyOnOpaque:1 ; Always have FastSkyLUT 1 in this case to avoid wrong sky]]
[2020.05.12-06.39.30:046][  0]LogConfig: Setting CVar [[r.SkyAtmosphere.AerialPerspectiveLUT.SampleCountPerSlice:1]]
[2020.05.12-06.39.30:046][  0]LogConfig: Setting CVar [[r.SkyAtmosphere.AerialPerspectiveLUT.DepthResolution:16.0]]
[2020.05.12-06.39.30:046][  0]LogConfig: Setting CVar [[r.SkyAtmosphere.FastSkyLUT:1]]
[2020.05.12-06.39.30:046][  0]LogConfig: Setting CVar [[r.SkyAtmosphere.FastSkyLUT.SampleCountMin:4.0]]
[2020.05.12-06.39.30:046][  0]LogConfig: Setting CVar [[r.SkyAtmosphere.FastSkyLUT.SampleCountMax:32.0]]
[2020.05.12-06.39.30:046][  0]LogConfig: Setting CVar [[r.SkyAtmosphere.SampleCountMin:4.0]]
[2020.05.12-06.39.30:046][  0]LogConfig: Setting CVar [[r.SkyAtmosphere.SampleCountMax:32.0]]
[2020.05.12-06.39.30:046][  0]LogConfig: Setting CVar [[r.SkyAtmosphere.TransmittanceLUT.UseSmallFormat:0]]
[2020.05.12-06.39.30:046][  0]LogConfig: Setting CVar [[r.SkyAtmosphere.TransmittanceLUT.SampleCount:10.0]]
[2020.05.12-06.39.30:046][  0]LogConfig: Setting CVar [[r.SkyAtmosphere.MultiScatteringLUT.SampleCount:15.0]]
[2020.05.12-06.39.30:046][  0]LogConfig: Applying CVar settings from Section [FoliageQuality@3] File [C:/Users/roman/OneDrive/Documents/Unreal Projects/MI482_Final/Saved/Config/Windows/Scalability.ini]
[2020.05.12-06.39.30:046][  0]LogConfig: Setting CVar [[foliage.DensityScale:1.0]]
[2020.05.12-06.39.30:046][  0]LogConfig: Setting CVar [[grass.DensityScale:1.0]]
[2020.05.12-06.39.30:046][  0]LogConfig: Applying CVar settings from Section [ShadingQuality@3] File [C:/Users/roman/OneDrive/Documents/Unreal Projects/MI482_Final/Saved/Config/Windows/Scalability.ini]
[2020.05.12-06.39.30:046][  0]LogConfig: Setting CVar [[r.HairStrands.SkyLighting.SampleCount:16]]
[2020.05.12-06.39.30:046][  0]LogConfig: Setting CVar [[r.HairStrands.SkyLighting.JitterIntegration:0]]
[2020.05.12-06.39.30:046][  0]LogConfig: Setting CVar [[r.HairStrands.SkyAO.SampleCount:16]]
[2020.05.12-06.39.30:046][  0]LogConfig: Applying CVar settings from Section [Startup] File [../../../Engine/Config/ConsoleVariables.ini]
[2020.05.12-06.39.30:046][  0]LogConfig: Setting CVar [[net.UseAdaptiveNetUpdateFrequency:0]]
[2020.05.12-06.39.30:046][  0]LogConfig: Setting CVar [[p.chaos.AllowCreatePhysxBodies:1]]
[2020.05.12-06.39.30:046][  0]LogConfig: Applying CVar settings from Section [ConsoleVariables] File [C:/Users/roman/OneDrive/Documents/Unreal Projects/MI482_Final/Saved/Config/Windows/Engine.ini]
[2020.05.12-06.39.30:046][  0]LogInit: Computer: DESKTOP-1NTF5MT
[2020.05.12-06.39.30:046][  0]LogInit: User: roman
[2020.05.12-06.39.30:046][  0]LogInit: CPU Page size=4096, Cores=4
[2020.05.12-06.39.30:046][  0]LogInit: High frequency timer resolution =10.000000 MHz
[2020.05.12-06.39.30:047][  0]LogMemory: Memory total: Physical=7.8GB (8GB approx)
[2020.05.12-06.39.30:047][  0]LogMemory: Platform Memory Stats for Windows
[2020.05.12-06.39.30:047][  0]LogMemory: Process Physical Memory: 105.11 MB used, 105.11 MB peak
[2020.05.12-06.39.30:047][  0]LogMemory: Process Virtual Memory: 100.78 MB used, 100.78 MB peak
[2020.05.12-06.39.30:047][  0]LogMemory: Physical Memory: 6120.89 MB used,  1904.94 MB free, 8025.83 MB total
[2020.05.12-06.39.30:047][  0]LogMemory: Virtual Memory: 5137.46 MB used,  134212592.00 MB free, 134217728.00 MB total
[2020.05.12-06.39.30:050][  0]LogWindows: WindowsPlatformFeatures enabled
[2020.05.12-06.39.30:065][  0]LogInit: Using OS detected language (en-US).
[2020.05.12-06.39.30:065][  0]LogInit: Using OS detected locale (en-US).
[2020.05.12-06.39.30:066][  0]LogTextLocalizationManager: No specific localization for 'en-US' exists, so the 'en' localization will be used.
[2020.05.12-06.39.30:256][  0]LogInit: Setting process to per monitor DPI aware
[2020.05.12-06.39.30:286][  0]LogSlate: New Slate User Created.  User Index 0, Is Virtual User: 0
[2020.05.12-06.39.30:286][  0]LogSlate: Slate User Registered.  User Index 0, Is Virtual User: 0
[2020.05.12-06.39.30:449][  0]LogHMD: Failed to initialize OpenVR with code 110
[2020.05.12-06.39.30:449][  0]LogD3D11RHI: D3D11 min allowed feature level: 11_0
[2020.05.12-06.39.30:449][  0]LogD3D11RHI: D3D11 max allowed feature level: 11_0
[2020.05.12-06.39.30:449][  0]LogD3D11RHI: D3D11 adapters:
[2020.05.12-06.39.30:476][  0]LogD3D11RHI:    0. 'Intel(R) UHD Graphics 620' (Feature Level 11_0)
[2020.05.12-06.39.30:476][  0]LogD3D11RHI:       128/0/4012 MB DedicatedVideo/DedicatedSystem/SharedSystem, Outputs:1, VendorId:0x8086
[2020.05.12-06.39.30:479][  0]LogD3D11RHI:    1. 'Microsoft Basic Render Driver' (Feature Level 11_0)
[2020.05.12-06.39.30:479][  0]LogD3D11RHI:       0/0/4012 MB DedicatedVideo/DedicatedSystem/SharedSystem, Outputs:0, VendorId:0x1414
[2020.05.12-06.39.30:479][  0]LogD3D11RHI: Chosen D3D11 Adapter: 0
[2020.05.12-06.39.30:488][  0]LogD3D11RHI: Creating new Direct3DDevice
[2020.05.12-06.39.30:488][  0]LogD3D11RHI:     GPU DeviceId: 0x5917 (for the marketing name, search the web for "GPU Device Id")
[2020.05.12-06.39.30:488][  0]LogWindows: EnumDisplayDevices:
[2020.05.12-06.39.30:488][  0]LogWindows:    0. 'Intel(R) UHD Graphics 620' (P:1 D:1)
[2020.05.12-06.39.30:488][  0]LogWindows:    1. 'Intel(R) UHD Graphics 620' (P:0 D:0)
[2020.05.12-06.39.30:489][  0]LogWindows:    2. 'Intel(R) UHD Graphics 620' (P:0 D:0)
[2020.05.12-06.39.30:490][  0]LogWindows: DebugString: FoundDriverCount:3 
[2020.05.12-06.39.30:490][  0]LogD3D11RHI:     Adapter Name: Intel(R) UHD Graphics 620
[2020.05.12-06.39.30:490][  0]LogD3D11RHI:   Driver Version: 23.20.16.4973 (internal:23.20.16.4973, unified:23.20.16.4973)
[2020.05.12-06.39.30:490][  0]LogD3D11RHI:      Driver Date: 2-28-2018
[2020.05.12-06.39.30:490][  0]LogRHI: Texture pool is 1494 MB (70% of 2134 MB)
[2020.05.12-06.39.30:514][  0]LogD3D11RHI: RHI does not have support for 64 bit atomics
[2020.05.12-06.39.30:514][  0]LogD3D11RHI: Async texture creation enabled
[2020.05.12-06.39.30:533][  0]LogD3D11RHI: GPU Timing Frequency: 12.000048 (Debug: 2 0)
[2020.05.12-06.39.31:249][  0]LogTargetPlatformManager: Display: Loaded TargetPlatform 'AllDesktop'
[2020.05.12-06.39.31:297][  0]LogTargetPlatformManager: Display: Loaded TargetPlatform 'Android'
[2020.05.12-06.39.31:297][  0]LogTargetPlatformManager: Display: Loaded TargetPlatform 'Android_ASTC'
[2020.05.12-06.39.31:297][  0]LogTargetPlatformManager: Display: Loaded TargetPlatform 'Android_ATC'
[2020.05.12-06.39.31:297][  0]LogTargetPlatformManager: Display: Loaded TargetPlatform 'Android_DXT'
[2020.05.12-06.39.31:297][  0]LogTargetPlatformManager: Display: Loaded TargetPlatform 'Android_ETC1'
[2020.05.12-06.39.31:297][  0]LogTargetPlatformManager: Display: Loaded TargetPlatform 'Android_ETC1a'
[2020.05.12-06.39.31:297][  0]LogTargetPlatformManager: Display: Loaded TargetPlatform 'Android_ETC2'
[2020.05.12-06.39.31:297][  0]LogTargetPlatformManager: Display: Loaded TargetPlatform 'Android_PVRTC'
[2020.05.12-06.39.31:297][  0]LogTargetPlatformManager: Display: Loaded TargetPlatform 'AndroidClient'
[2020.05.12-06.39.31:297][  0]LogTargetPlatformManager: Display: Loaded TargetPlatform 'Android_ASTCClient'
[2020.05.12-06.39.31:297][  0]LogTargetPlatformManager: Display: Loaded TargetPlatform 'Android_ATCClient'
[2020.05.12-06.39.31:297][  0]LogTargetPlatformManager: Display: Loaded TargetPlatform 'Android_DXTClient'
[2020.05.12-06.39.31:297][  0]LogTargetPlatformManager: Display: Loaded TargetPlatform 'Android_ETC1Client'
[2020.05.12-06.39.31:297][  0]LogTargetPlatformManager: Display: Loaded TargetPlatform 'Android_ETC1aClient'
[2020.05.12-06.39.31:297][  0]LogTargetPlatformManager: Display: Loaded TargetPlatform 'Android_ETC2Client'
[2020.05.12-06.39.31:297][  0]LogTargetPlatformManager: Display: Loaded TargetPlatform 'Android_PVRTCClient'
[2020.05.12-06.39.31:297][  0]LogTargetPlatformManager: Display: Loaded TargetPlatform 'Android_Multi'
[2020.05.12-06.39.31:297][  0]LogTargetPlatformManager: Display: Loaded TargetPlatform 'Android_MultiClient'
[2020.05.12-06.39.31:320][  0]LogTargetPlatformManager: Display: Loaded TargetPlatform 'IOSClient'
[2020.05.12-06.39.31:320][  0]LogTargetPlatformManager: Display: Loaded TargetPlatform 'IOS'
[2020.05.12-06.39.31:329][  0]LogTargetPlatformManager: Display: Loaded TargetPlatform 'LinuxNoEditor'
[2020.05.12-06.39.31:338][  0]LogTargetPlatformManager: Display: Loaded TargetPlatform 'LinuxClient'
[2020.05.12-06.39.31:346][  0]LogTargetPlatformManager: Display: Loaded TargetPlatform 'LinuxServer'
[2020.05.12-06.39.31:355][  0]LogTargetPlatformManager: Display: Loaded TargetPlatform 'LinuxAArch64NoEditor'
[2020.05.12-06.39.31:364][  0]LogTargetPlatformManager: Display: Loaded TargetPlatform 'LinuxAArch64Client'
[2020.05.12-06.39.31:377][  0]LogTargetPlatformManager: Display: Loaded TargetPlatform 'LinuxAArch64Server'
[2020.05.12-06.39.31:408][  0]LogTargetPlatformManager: Display: Loaded TargetPlatform 'Lumin'
[2020.05.12-06.39.31:408][  0]LogTargetPlatformManager: Display: Loaded TargetPlatform 'LuminClient'
[2020.05.12-06.39.31:427][  0]LogTargetPlatformManager: Display: Loaded TargetPlatform 'TVOSClient'
[2020.05.12-06.39.31:427][  0]LogTargetPlatformManager: Display: Loaded TargetPlatform 'TVOS'
[2020.05.12-06.39.31:437][  0]LogTargetPlatformManager: Display: Loaded TargetPlatform 'WindowsNoEditor'
[2020.05.12-06.39.31:447][  0]LogTargetPlatformManager: Display: Loaded TargetPlatform 'Windows'
[2020.05.12-06.39.31:456][  0]LogTargetPlatformManager: Display: Loaded TargetPlatform 'WindowsClient'
[2020.05.12-06.39.31:465][  0]LogTargetPlatformManager: Display: Loaded TargetPlatform 'WindowsServer'
[2020.05.12-06.39.31:465][  0]LogTargetPlatformManager: Display: Building Assets For Windows
[2020.05.12-06.39.31:469][  0]LogAudioDebug: Display: Lib vorbis DLL was dynamically loaded.
[2020.05.12-06.39.31:502][  0]LogShaderCompilers: Guid format shader working directory is -31 characters bigger than the processId version (../../../../../../Users/roman/OneDrive/Documents/Unreal Projects/MI482_Final/Intermediate/Shaders/WorkingDirectory/11504/).
[2020.05.12-06.39.31:502][  0]LogShaderCompilers: Cleaned the shader compiler working directory 'C:/Users/roman/AppData/Local/Temp/UnrealShaderWorkingDir/CCE41483492E6B6703B2C8B152486801/'.
[2020.05.12-06.39.31:503][  0]LogXGEController: Cannot use XGE Controller as Incredibuild is not installed on this machine.
[2020.05.12-06.39.31:503][  0]LogShaderCompilers: Cannot use XGE Shader Compiler as Incredibuild is not installed on this machine.
[2020.05.12-06.39.31:503][  0]LogShaderCompilers: Display: Using Local Shader Compiler.
[2020.05.12-06.39.32:506][  0]LogDerivedDataCache: Display: Max Cache Size: 512 MB
[2020.05.12-06.39.32:588][  0]LogDerivedDataCache: Loaded boot cache 0.07s 78MB C:/Users/roman/AppData/Local/UnrealEngine/4.24/DerivedDataCache/Boot.ddc.
[2020.05.12-06.39.32:676][  0]LogDerivedDataCache: Display: Loaded Boot cache: C:/Users/roman/AppData/Local/UnrealEngine/4.24/DerivedDataCache/Boot.ddc
[2020.05.12-06.39.32:676][  0]LogDerivedDataCache: FDerivedDataBackendGraph:  Pak pak cache file ../../../../../../Users/roman/OneDrive/Documents/Unreal Projects/MI482_Final/DerivedDataCache/DDC.ddp not found, will not use a pak cache.
[2020.05.12-06.39.32:676][  0]LogDerivedDataCache: Unable to find inner node Pak for hierarchical cache Hierarchy.
[2020.05.12-06.39.32:676][  0]LogDerivedDataCache: FDerivedDataBackendGraph:  CompressedPak pak cache file ../../../../../../Users/roman/OneDrive/Documents/Unreal Projects/MI482_Final/DerivedDataCache/Compressed.ddp not found, will not use a pak cache.
[2020.05.12-06.39.32:676][  0]LogDerivedDataCache: Unable to find inner node CompressedPak for hierarchical cache Hierarchy.
[2020.05.12-06.39.32:688][  0]LogDerivedDataCache: Display: Pak cache opened for reading ../../../Engine/DerivedDataCache/Compressed.ddp.
[2020.05.12-06.39.32:688][  0]LogDerivedDataCache: FDerivedDataBackendGraph:  EnterprisePak pak cache file ../../../Enterprise/DerivedDataCache/Compressed.ddp not found, will not use a pak cache.
[2020.05.12-06.39.32:688][  0]LogDerivedDataCache: Unable to find inner node EnterprisePak for hierarchical cache Hierarchy.
[2020.05.12-06.39.32:690][  0]LogDerivedDataCache: Using Local data cache path C:/Users/roman/AppData/Local/UnrealEngine/Common/DerivedDataCache: Writable
[2020.05.12-06.39.32:690][  0]LogDerivedDataCache: Shared data cache path not found in *engine.ini, will not use an Shared cache.
[2020.05.12-06.39.32:690][  0]LogDerivedDataCache: Unable to find inner node Shared for hierarchical cache Hierarchy.
[2020.05.12-06.39.32:736][  0]LogMaterial: Verifying Global Shaders for PCD3D_SM5
[2020.05.12-06.39.32:739][  0]LogSlate: Using FreeType 2.10.0
[2020.05.12-06.39.32:740][  0]LogSlate: SlateFontServices - WITH_FREETYPE: 1, WITH_HARFBUZZ: 1
[2020.05.12-06.39.32:818][  0]LogAssetRegistry: FAssetRegistry took 0.0027 seconds to start up
[2020.05.12-06.39.33:182][  0]LogInit: Selected Device Profile: [Windows]
[2020.05.12-06.39.33:402][  0]LogMeshReduction: Using QuadricMeshReduction for automatic static mesh reduction
[2020.05.12-06.39.33:402][  0]LogMeshReduction: Using SimplygonMeshReduction for automatic skeletal mesh reduction
[2020.05.12-06.39.33:402][  0]LogMeshReduction: Using ProxyLODMeshReduction for automatic mesh merging
[2020.05.12-06.39.33:402][  0]LogMeshReduction: No distributed automatic mesh merging module available
[2020.05.12-06.39.33:402][  0]LogMeshMerging: No distributed automatic mesh merging module available
[2020.05.12-06.39.33:416][  0]LogNetVersion: MI482_Final 1.0.0, NetCL: 10570792, EngineNetVer: 13, GameNetVer: 0 (Checksum: 3887285517)
[2020.05.12-06.39.35:336][  0]LogPackageLocalizationCache: Processed 10 localized package path(s) for 1 prioritized culture(s) in 0.410250 seconds
[2020.05.12-06.39.35:345][  0]LogUObjectArray: 46750 objects as part of root set at end of initial load.
[2020.05.12-06.39.35:345][  0]LogUObjectAllocator: 8137160 out of 0 bytes used by permanent object pool.
[2020.05.12-06.39.35:345][  0]LogUObjectArray: CloseDisregardForGC: 0/0 objects in disregard for GC pool
[2020.05.12-06.39.35:842][  0]LogTcpMessaging: Initializing TcpMessaging bridge
[2020.05.12-06.39.35:845][  0]LogUdpMessaging: Initializing bridge on interface 0.0.0.0:0 to multicast group 230.0.0.1:6666.
[2020.05.12-06.39.35:983][  0]SourceControl: Source control is disabled
[2020.05.12-06.39.35:983][  0]SourceControl: Source control is disabled
[2020.05.12-06.39.35:984][  0]SourceControl: Source control is disabled
[2020.05.12-06.39.35:985][  0]SourceControl: Source control is disabled
[2020.05.12-06.39.35:985][  0]SourceControl: Source control is disabled
[2020.05.12-06.39.36:207][  0]LogAndroidPermission: UAndroidPermissionCallbackProxy::GetInstance
[2020.05.12-06.39.36:219][  0]LogAudioCaptureCore: Display: No Audio Capture implementations found. Audio input will be silent.
[2020.05.12-06.39.36:219][  0]LogAudioCaptureCore: Display: No Audio Capture implementations found. Audio input will be silent.
[2020.05.12-06.39.36:337][  0]LogOcInput: OculusInput pre-init called
[2020.05.12-06.39.36:347][  0]LogWindows: Failed to load 'OVRPlugin.dll' (GetLastError=126)
[2020.05.12-06.39.36:347][  0]LogWindows: File 'OVRPlugin.dll' does not exist
[2020.05.12-06.39.36:430][  0]LogEngine: Initializing Engine...
[2020.05.12-06.39.36:431][  0]LogHMD: Failed to initialize OpenVR with code 110
[2020.05.12-06.39.36:432][  0]LogStats: UGameplayTagsManager::InitializeManager -  0.000 s
[2020.05.12-06.39.36:904][  0]LogInit: Initializing FReadOnlyCVARCache
[2020.05.12-06.39.36:913][  0]LogAIModule: Creating AISystem for world Untitled
[2020.05.12-06.39.37:050][  0]LogAudioMixer: Display: Audio Mixer Platform Settings:
[2020.05.12-06.39.37:050][  0]LogAudioMixer: Display: 	Sample Rate:						  48000
[2020.05.12-06.39.37:050][  0]LogAudioMixer: Display: 	Callback Buffer Frame Size Requested: 1024
[2020.05.12-06.39.37:050][  0]LogAudioMixer: Display: 	Callback Buffer Frame Size To Use:	  1024
[2020.05.12-06.39.37:050][  0]LogAudioMixer: Display: 	Number of buffers to queue:			  2
[2020.05.12-06.39.37:050][  0]LogAudioMixer: Display: 	Max Channels (voices):				  32
[2020.05.12-06.39.37:050][  0]LogAudioMixer: Display: 	Number of Async Source Workers:		  0
[2020.05.12-06.39.37:050][  0]LogAudio: Display: AudioDevice MaxSources: 32
[2020.05.12-06.39.37:051][  0]LogAudio: Display: Using built-in audio occlusion.
[2020.05.12-06.39.37:051][  0]LogAudioMixer: Display: Initializing audio mixer.
[2020.05.12-06.39.37:071][  0]LogAudioMixer: Display: Audio Device Output Speaker Info:
[2020.05.12-06.39.37:071][  0]LogAudioMixer: Display: Name: Speakers / Headphones (Realtek Audio)
[2020.05.12-06.39.37:071][  0]LogAudioMixer: Display: Is Default: Yes
[2020.05.12-06.39.37:071][  0]LogAudioMixer: Display: Sample Rate: 48000
[2020.05.12-06.39.37:071][  0]LogAudioMixer: Display: Channel Count Used: 2
[2020.05.12-06.39.37:071][  0]LogAudioMixer: Display: Device Channel Count: 2
[2020.05.12-06.39.37:071][  0]LogAudioMixer: Display: Channel Order:
[2020.05.12-06.39.37:071][  0]LogAudioMixer: Display: 0: FrontLeft
[2020.05.12-06.39.37:071][  0]LogAudioMixer: Display: 1: FrontRight
[2020.05.12-06.39.37:168][  0]LogAudioMixer: Display: Using Audio Device Speakers / Headphones (Realtek Audio)
[2020.05.12-06.39.37:175][  0]LogInit: FAudioDevice initialized.
[2020.05.12-06.39.37:176][  0]LogNetVersion: Set ProjectVersion to 1.0.0.0. Version Checksum will be recalculated on next use.
[2020.05.12-06.39.38:602][  0]LogDerivedDataCache: Saved boot cache 1.43s 78MB C:/Users/roman/AppData/Local/UnrealEngine/4.24/DerivedDataCache/Boot.ddc.
[2020.05.12-06.39.38:603][  0]LogInit: Texture streaming: Enabled
[2020.05.12-06.39.38:612][  0]LogEngineSessionManager: EngineSessionManager initialized
[2020.05.12-06.39.38:612][  0]LogEditorSessionSummary: Verbose: Initializing EditorSessionSummaryWriter for editor session tracking
[2020.05.12-06.39.38:613][  0]LogEditorSessionSummary: EditorSessionSummaryWriter initialized
[2020.05.12-06.39.38:933][  0]LogInit: Transaction tracking system initialized
[2020.05.12-06.39.38:944][  0]BlueprintLog: New page: Editor Load
[2020.05.12-06.39.39:062][  0]LocalizationService: Localization service is disabled
[2020.05.12-06.39.39:161][  0]LogLinker: Warning: Failed to load '/Game/ThirdPersonBP/ThirdPersonOverview': Can't find file.
[2020.05.12-06.39.39:161][  0]LogLinker: Warning: Failed to load '/Game/ThirdPersonBP/ThirdPersonOverview': Can't find file.
[2020.05.12-06.39.39:161][  0]LogUObjectGlobals: Warning: Failed to find object 'Class /Game/ThirdPersonBP/ThirdPersonOverview.ThirdPersonOverview_C'
[2020.05.12-06.39.40:161][  0]LogFileCache: Scanning file cache for directory 'C:/Users/roman/OneDrive/Documents/Unreal Projects/MI482_Final/Content/' took 0.03s
[2020.05.12-06.39.40:161][  0]LogCook: Display: Max memory allowance for cook 16384mb min free memory 0mb
[2020.05.12-06.39.40:161][  0]LogCook: Display: Mobile HDR setting 1
[2020.05.12-06.39.40:975][  0]SourceControl: Source control is disabled
[2020.05.12-06.39.41:530][  0]LogSlate: Took 0.000239 seconds to synchronously load lazily loaded font '../../../Engine/Content/Slate/Fonts/Roboto-Regular.ttf' (155K)
[2020.05.12-06.40.01:877][  0]LogSlate: Window 'Restore Packages' being destroyed
[2020.05.12-06.40.01:878][  0]LogWindowsTextInputMethodSystem: Display: IME system now deactivated.
[2020.05.12-06.40.01:881][  0]LogWindowsTextInputMethodSystem: Display: IME system now deactivated.
[2020.05.12-06.40.13:089][  0]LogSlate: Window 'Unable to Check Out From Source Control!' being destroyed
[2020.05.12-06.40.13:090][  0]LogWindowsTextInputMethodSystem: Display: IME system now deactivated.
[2020.05.12-06.40.13:093][  0]LogWindowsTextInputMethodSystem: Display: IME system now deactivated.
[2020.05.12-06.40.14:074][  0]Cmd: MAP LOAD FILE="../../../../../../Users/roman/OneDrive/Documents/Unreal Projects/MI482_Final/Content/StarterContent/Maps/Minimal_Default.umap" TEMPLATE=0 SHOWPROGRESS=1 FEATURELEVEL=3
[2020.05.12-06.40.14:259][  0]LightingResults: New page: Lighting Build
[2020.05.12-06.40.14:260][  0]LogWorld: UWorld::CleanupWorld for Untitled, bSessionEnded=true, bCleanupResources=true
[2020.05.12-06.40.14:261][  0]LogSlate: InvalidateAllWidgets triggered.  All widgets were invalidated
[2020.05.12-06.40.14:261][  0]MapCheck: New page: Map Check
[2020.05.12-06.40.14:261][  0]LightingResults: New page: Lighting Build
[2020.05.12-06.40.14:301][  0]LogUObjectHash: Compacting FUObjectHashTables data took   2.20ms
[2020.05.12-06.40.18:027][  0]LogAIModule: Creating AISystem for world Minimal_Default
[2020.05.12-06.40.18:203][  0]LogEditorServer: Finished looking for orphan Actors (0.000 secs)
[2020.05.12-06.40.18:269][  0]LogUObjectHash: Compacting FUObjectHashTables data took   3.33ms
[2020.05.12-06.40.18:271][  0]Cmd: MAP CHECKDEP NOCLEARLOG
[2020.05.12-06.40.18:271][  0]MapCheck: Map check complete: 0 Error(s), 0 Warning(s), took 0.272ms to complete.
[2020.05.12-06.40.18:271][  0]LogFileHelpers: Loading map 'Minimal_Default' took 4.198
[2020.05.12-06.40.19:635][  0]LogSlate: Updating window title bar state: overlay mode, drag disabled, window buttons hidden, title bar hidden
[2020.05.12-06.40.19:649][  0]LogSlate: Updating window title bar state: overlay mode, drag disabled, window buttons hidden, title bar hidden
[2020.05.12-06.40.19:655][  0]LogSlate: Updating window title bar state: overlay mode, drag disabled, window buttons hidden, title bar hidden
[2020.05.12-06.40.19:663][  0]LogSlate: Updating window title bar state: overlay mode, drag disabled, window buttons hidden, title bar hidden
[2020.05.12-06.40.20:110][  0]LogCollectionManager: Loaded 0 collections in 0.002318 seconds
[2020.05.12-06.40.20:525][  0]LogFileCache: Scanning file cache for directory 'C:/Users/roman/OneDrive/Documents/Unreal Projects/MI482_Final/Saved/Collections/' took 0.00s
[2020.05.12-06.40.20:525][  0]LogFileCache: Scanning file cache for directory 'C:/Users/roman/OneDrive/Documents/Unreal Projects/MI482_Final/Content/Developers/roman/Collections/' took 0.00s
[2020.05.12-06.40.20:525][  0]LogFileCache: Scanning file cache for directory 'C:/Users/roman/OneDrive/Documents/Unreal Projects/MI482_Final/Content/Collections/' took 0.00s
[2020.05.12-06.40.20:525][  0]LogContentBrowser: Native class hierarchy populated in 0.0653 seconds. Added 3015 classes and 717 folders.
[2020.05.12-06.40.20:692][  0]LogContentBrowser: Native class hierarchy updated for 'WidgetCarousel' in 0.0004 seconds. Added 0 classes and 0 folders.
[2020.05.12-06.40.24:247][  0]LogContentBrowser: Native class hierarchy updated for 'AddContentDialog' in 0.0003 seconds. Added 0 classes and 0 folders.
[2020.05.12-06.40.24:327][  0]LogContentBrowser: Native class hierarchy updated for 'SceneOutliner' in 0.0003 seconds. Added 2 classes and 3 folders.
[2020.05.12-06.40.24:731][  0]LogSlate: Took 0.000319 seconds to synchronously load lazily loaded font '../../../Engine/Content/Slate/Fonts/Roboto-Bold.ttf' (160K)
[2020.05.12-06.40.24:762][  0]LogSlate: Took 0.022362 seconds to synchronously load lazily loaded font '../../../Engine/Content/Editor/Slate/Fonts/FontAwesome.ttf' (139K)
[2020.05.12-06.40.25:779][  0]LogRenderer: Reallocating scene render targets to support 964x460 Format 10 NumSamples 1 (Frame:1).
[2020.05.12-06.41.03:478][  0]LogContentBrowser: Native class hierarchy updated for 'HierarchicalLODOutliner' in 0.0003 seconds. Added 0 classes and 0 folders.
[2020.05.12-06.41.03:478][  0]LogLoad: (Engine Initialization) Total time: 96.18 seconds
[2020.05.12-06.41.03:478][  0]LogLoad: (Engine Initialization) Total Blueprint compile time: 0.00 seconds
[2020.05.12-06.41.03:670][  0]LogContentStreaming: Texture pool size now 1000 MB
[2020.05.12-06.41.03:740][  0]LogSlate: Took 0.014200 seconds to synchronously load lazily loaded font '../../../Engine/Content/Slate/Fonts/Roboto-Light.ttf' (167K)
[2020.05.12-06.41.05:366][  4]LogAssetRegistry: Asset discovery search completed in 92.5492 seconds
[2020.05.12-06.41.05:377][  4]LogCollectionManager: Fixed up redirectors for 0 collections in 0.000017 seconds (updated 0 objects)
[2020.05.12-06.41.05:505][  5]LogSlate: Took 0.000198 seconds to synchronously load lazily loaded font '../../../Engine/Content/Slate/Fonts/Roboto-Light.ttf' (167K)
[2020.05.12-06.41.14:720][177]LogBlueprint: Warning: [Compiler PersistentLevel.Level_SeaRaider] Node  Unknown  is not referencing a valid level actor
[2020.05.12-06.41.21:535][177]LogAIModule: Creating AISystem for world Level_SeaRaider
[2020.05.12-06.41.22:329][177]LogAssetEditorSubsystem: Opening Asset editor for World /Game/Level_SeaRaider.Level_SeaRaider
[2020.05.12-06.41.22:509][177]LogUObjectHash: Compacting FUObjectHashTables data took   3.79ms
[2020.05.12-06.41.22:514][177]Cmd: MAP LOAD FILE="../../../../../../Users/roman/OneDrive/Documents/Unreal Projects/MI482_Final/Content/Level_SeaRaider.umap" TEMPLATE=0 SHOWPROGRESS=1 FEATURELEVEL=3
[2020.05.12-06.41.22:514][177]LightingResults: New page: Lighting Build
[2020.05.12-06.41.22:515][177]LoadErrors: New page: Loading map: Level_SeaRaider.umap
[2020.05.12-06.41.22:560][177]LogWorld: UWorld::CleanupWorld for Minimal_Default, bSessionEnded=true, bCleanupResources=true
[2020.05.12-06.41.22:560][177]LogSlate: InvalidateAllWidgets triggered.  All widgets were invalidated
[2020.05.12-06.41.22:560][177]MapCheck: New page: Map Check
[2020.05.12-06.41.22:560][177]LightingResults: New page: Lighting Build
[2020.05.12-06.41.22:603][177]LogUObjectHash: Compacting FUObjectHashTables data took   3.23ms
[2020.05.12-06.41.23:993][177]LogEditorServer: Finished looking for orphan Actors (0.001 secs)
[2020.05.12-06.41.24:807][177]LogUObjectHash: Compacting FUObjectHashTables data took   2.29ms
[2020.05.12-06.41.24:882][177]Cmd: MAP CHECKDEP NOCLEARLOG
[2020.05.12-06.41.24:883][177]MapCheck: Map check complete: 0 Error(s), 0 Warning(s), took 0.484ms to complete.
[2020.05.12-06.41.24:883][177]LogFileHelpers: Loading map 'Level_SeaRaider' took 2.370
[2020.05.12-06.41.54:472][767]LogTemp: Repeating last play command: Selected Viewport
[2020.05.12-06.41.54:542][767]LogBlueprintUserMessages: Early PlayInEditor Detection: Level '/Game/Level_SeaRaider.Level_SeaRaider:PersistentLevel' has LevelScriptBlueprint '/Game/Level_SeaRaider.Level_SeaRaider:PersistentLevel.Level_SeaRaider' with GeneratedClass '/Game/Level_SeaRaider.Level_SeaRaider_C' with ClassGeneratedBy '/Game/Level_SeaRaider.Level_SeaRaider:PersistentLevel.Level_SeaRaider'
[2020.05.12-06.41.54:671][767]LogPlayLevel: PlayLevel: No blueprints needed recompiling
[2020.05.12-06.41.54:709][767]PIE: New page: PIE session: Level_SeaRaider (May 11, 2020, 10:41:54 PM)
[2020.05.12-06.41.54:753][767]LogOnline: OSS: Creating online subsystem instance for: NULL
[2020.05.12-06.41.54:781][767]LogOnline: OSS: TryLoadSubsystemAndSetDefault: Loaded subsystem for module [NULL]
[2020.05.12-06.41.54:832][767]LogPlayLevel: Creating play world package: /Game/UEDPIE_0_Level_SeaRaider
[2020.05.12-06.41.55:662][767]LogPlayLevel: PIE: StaticDuplicateObject took: (0.830918s)
[2020.05.12-06.41.55:705][767]LogAIModule: Creating AISystem for world Level_SeaRaider
[2020.05.12-06.41.55:763][767]LogPlayLevel: PIE: World Init took: (0.100795s)
[2020.05.12-06.41.55:764][767]LogPlayLevel: PIE: Created PIE world by copying editor world from /Game/Level_SeaRaider.Level_SeaRaider to /Game/UEDPIE_0_Level_SeaRaider.Level_SeaRaider (0.932558s)
[2020.05.12-06.41.55:796][767]LogUObjectHash: Compacting FUObjectHashTables data took   2.02ms
[2020.05.12-06.41.55:872][767]LogAudioMixer: Display: Audio Mixer Platform Settings:
[2020.05.12-06.41.55:872][767]LogAudioMixer: Display: 	Sample Rate:						  48000
[2020.05.12-06.41.55:872][767]LogAudioMixer: Display: 	Callback Buffer Frame Size Requested: 1024
[2020.05.12-06.41.55:872][767]LogAudioMixer: Display: 	Callback Buffer Frame Size To Use:	  1024
[2020.05.12-06.41.55:872][767]LogAudioMixer: Display: 	Number of buffers to queue:			  2
[2020.05.12-06.41.55:872][767]LogAudioMixer: Display: 	Max Channels (voices):				  32
[2020.05.12-06.41.55:872][767]LogAudioMixer: Display: 	Number of Async Source Workers:		  0
[2020.05.12-06.41.55:872][767]LogAudio: Display: AudioDevice MaxSources: 32
[2020.05.12-06.41.55:873][767]LogAudio: Display: Using built-in audio occlusion.
[2020.05.12-06.41.55:873][767]LogAudioMixer: Display: Initializing audio mixer.
[2020.05.12-06.41.55:876][767]LogAudioMixer: Display: Audio Device Output Speaker Info:
[2020.05.12-06.41.55:876][767]LogAudioMixer: Display: Name: Speakers / Headphones (Realtek Audio)
[2020.05.12-06.41.55:876][767]LogAudioMixer: Display: Is Default: Yes
[2020.05.12-06.41.55:876][767]LogAudioMixer: Display: Sample Rate: 48000
[2020.05.12-06.41.55:876][767]LogAudioMixer: Display: Channel Count Used: 2
[2020.05.12-06.41.55:876][767]LogAudioMixer: Display: Device Channel Count: 2
[2020.05.12-06.41.55:876][767]LogAudioMixer: Display: Channel Order:
[2020.05.12-06.41.55:876][767]LogAudioMixer: Display: 0: FrontLeft
[2020.05.12-06.41.55:877][767]LogAudioMixer: Display: 1: FrontRight
[2020.05.12-06.41.56:389][767]LogAudioMixer: Display: Using Audio Device Speakers / Headphones (Realtek Audio)
[2020.05.12-06.41.56:391][767]LogInit: FAudioDevice initialized.
[2020.05.12-06.41.56:760][767]LogLoad: Game class is 'SeaRaidersGame_C'
[2020.05.12-06.41.57:297][767]LogWorld: Bringing World /Game/UEDPIE_0_Level_SeaRaider.Level_SeaRaider up for play (max tick rate 60) at 2020.05.12-02.41.57
[2020.05.12-06.41.57:419][767]LogWorld: Bringing up level for play took: 0.131456
[2020.05.12-06.41.57:457][767]LogOnline: OSS: Creating online subsystem instance for: :Context_3
[2020.05.12-06.41.57:892][767]LogContentBrowser: Native class hierarchy updated for 'MovieSceneCapture' in 0.0005 seconds. Added 20 classes and 0 folders.
[2020.05.12-06.41.57:917][767]LogGameMode: Display: Match State Changed from EnteringMap to WaitingToStart
[2020.05.12-06.41.57:917][767]LogGameState: Match State Changed from EnteringMap to WaitingToStart
[2020.05.12-06.41.57:917][767]LogGameMode: Display: Match State Changed from WaitingToStart to InProgress
[2020.05.12-06.41.58:504][767]LogGameState: Match State Changed from WaitingToStart to InProgress
[2020.05.12-06.41.58:505][767]PIE: Play in editor start time for /Game/UEDPIE_0_Level_SeaRaider 3.948
[2020.05.12-06.41.58:506][767]LogBlueprintUserMessages: Late PlayInEditor Detection: Level '/Game/Level_SeaRaider.Level_SeaRaider:PersistentLevel' has LevelScriptBlueprint '/Game/Level_SeaRaider.Level_SeaRaider:PersistentLevel.Level_SeaRaider' with GeneratedClass '/Game/Level_SeaRaider.Level_SeaRaider_C' with ClassGeneratedBy '/Game/Level_SeaRaider.Level_SeaRaider:PersistentLevel.Level_SeaRaider'
[2020.05.12-06.42.13:438][ 65]LogAudioMixer: Display: No commands were queued while flushing the source manager.
[2020.05.12-06.42.13:438][ 65]LogAudioMixer: Display: No commands were queued while flushing the source manager.
[2020.05.12-06.42.13:453][ 65]LogBlueprintUserMessages: Early EndPlayMap Detection: Level '/Game/Level_SeaRaider.Level_SeaRaider:PersistentLevel' has LevelScriptBlueprint '/Game/Level_SeaRaider.Level_SeaRaider:PersistentLevel.Level_SeaRaider' with GeneratedClass '/Game/Level_SeaRaider.Level_SeaRaider_C' with ClassGeneratedBy '/Game/Level_SeaRaider.Level_SeaRaider:PersistentLevel.Level_SeaRaider'
[2020.05.12-06.42.13:506][ 65]LogSlate: Updating window title bar state: overlay mode, drag disabled, window buttons hidden, title bar hidden
[2020.05.12-06.42.13:506][ 65]LogWorld: BeginTearingDown for /Game/UEDPIE_0_Level_SeaRaider
[2020.05.12-06.42.13:506][ 65]LogAudioMixer: Display: No commands were queued while flushing the source manager.
[2020.05.12-06.42.13:523][ 65]LogWorld: UWorld::CleanupWorld for Level_SeaRaider, bSessionEnded=true, bCleanupResources=true
[2020.05.12-06.42.13:534][ 65]LogSlate: InvalidateAllWidgets triggered.  All widgets were invalidated
[2020.05.12-06.42.13:587][ 65]LogPlayLevel: Display: Shutting down PIE online subsystems
[2020.05.12-06.42.13:588][ 65]LogBlueprintUserMessages: Late EndPlayMap Detection: Level '/Game/Level_SeaRaider.Level_SeaRaider:PersistentLevel' has LevelScriptBlueprint '/Game/Level_SeaRaider.Level_SeaRaider:PersistentLevel.Level_SeaRaider' with GeneratedClass '/Game/Level_SeaRaider.Level_SeaRaider_C' with ClassGeneratedBy '/Game/Level_SeaRaider.Level_SeaRaider:PersistentLevel.Level_SeaRaider'
[2020.05.12-06.42.13:637][ 65]LogSlate: InvalidateAllWidgets triggered.  All widgets were invalidated
[2020.05.12-06.42.13:718][ 65]LogAudioMixer: Display: No commands were queued while flushing the source manager.
[2020.05.12-06.42.13:729][ 65]LogSlate: Updating window title bar state: overlay mode, drag disabled, window buttons hidden, title bar hidden
[2020.05.12-06.42.13:775][ 65]LogUObjectHash: Compacting FUObjectHashTables data took   4.07ms
[2020.05.12-06.42.13:819][ 66]LogPlayLevel: Display: Destroying online subsystem :Context_3
[2020.05.12-06.42.18:343][138]LogAssetEditorSubsystem: Opening Asset editor for StaticMesh /Game/SMMovingBoat.SMMovingBoat
[2020.05.12-06.42.33:749][261]LogRenderer: Reallocating scene render targets to support 1144x744 Format 10 NumSamples 1 (Frame:130).
[2020.05.12-06.42.33:749][261]LogSlate: Took 0.016586 seconds to synchronously load lazily loaded font '../../../Engine/Content/Slate/Fonts/Roboto-Italic.ttf' (157K)
[2020.05.12-06.42.46:606][371]LogSlate: Window 'SMMovingBoat' being destroyed
[2020.05.12-06.42.46:759][371]LogSlate: Window 'SMMovingBoat' being destroyed
[2020.05.12-06.42.46:841][371]LogWorld: UWorld::CleanupWorld for World_2, bSessionEnded=true, bCleanupResources=true
[2020.05.12-06.42.46:843][371]LogSlate: InvalidateAllWidgets triggered.  All widgets were invalidated
[2020.05.12-06.43.00:026][548]LogAssetEditorSubsystem: Opening Asset editor for Blueprint /Game/MovingPlatform/MovingBoat.MovingBoat
[2020.05.12-06.43.01:437][548]LogContentBrowser: Native class hierarchy updated for 'BlueprintGraph' in 0.0007 seconds. Added 121 classes and 0 folders.
[2020.05.12-06.43.04:798][548]LogSlate: Took 0.034303 seconds to synchronously load lazily loaded font '../../../Engine/Content/Slate/Fonts/Roboto-BoldCondensed.ttf' (158K)
[2020.05.12-06.43.54:150][136]BlueprintLog: New page: Compile MovingBoat
[2020.05.12-06.43.56:273][136]LogUObjectHash: Compacting FUObjectHashTables data took   5.11ms
[2020.05.12-06.43.58:735][158]Cmd: OBJ SAVEPACKAGE PACKAGE="/Game/MovingPlatform/MovingBoat" FILE="../../../../../../Users/roman/OneDrive/Documents/Unreal Projects/MI482_Final/Content/MovingPlatform/MovingBoat.uasset" SILENT=true
[2020.05.12-06.44.00:107][158]LogSavePackage: Moving '../../../../../../Users/roman/OneDrive/Documents/Unreal Projects/MI482_Final/Saved/MovingBoat50C67E64482C03977769F99A5DDE3296.tmp' to '../../../../../../Users/roman/OneDrive/Documents/Unreal Projects/MI482_Final/Content/MovingPlatform/MovingBoat.uasset'
[2020.05.12-06.44.00:237][158]AssetCheck: New page: Asset Save: MovingBoat
[2020.05.12-06.44.00:237][158]LogContentValidation: Display: Validating Blueprint /Game/MovingPlatform/MovingBoat.MovingBoat
[2020.05.12-06.44.14:719][372]LogEditorViewport: Clicking on Actor (LMB): MovingBoat_C (MovingBoat)
[2020.05.12-06.44.15:930][392]Cmd: CAMERA ALIGN ACTIVEVIEWPORTONLY
[2020.05.12-06.44.22:055][495]LogUObjectHash: Compacting FUObjectHashTables data took  10.13ms
[2020.05.12-06.44.22:336][495]LogBlueprint: Warning: [Compiler PersistentLevel.Level_SeaRaider] Node  Unknown  is not referencing a valid level actor
[2020.05.12-06.44.24:313][495]LogSavePackage: Moving '../../../../../../Users/roman/OneDrive/Documents/Unreal Projects/MI482_Final/Saved/Level_SeaRaider85B31F7B4B34D19A247138BA11B5306F.tmp' to '../../../../../../Users/roman/OneDrive/Documents/Unreal Projects/MI482_Final/Content/Level_SeaRaider.umap'
[2020.05.12-06.44.24:330][495]Cmd: OBJ SAVEPACKAGE PACKAGE="/Game/Level_SeaRaider_BuiltData" FILE="../../../../../../Users/roman/OneDrive/Documents/Unreal Projects/MI482_Final/Content/Level_SeaRaider_BuiltData.uasset" SILENT=true
[2020.05.12-06.44.24:585][495]LogSavePackage: Moving '../../../../../../Users/roman/OneDrive/Documents/Unreal Projects/MI482_Final/Saved/Level_SeaRaider_BuiltDataA8DE65774AAED8B58C81C39BF3D8CFAC.tmp' to '../../../../../../Users/roman/OneDrive/Documents/Unreal Projects/MI482_Final/Content/Level_SeaRaider_BuiltData.uasset'
[2020.05.12-06.44.24:612][495]AssetCheck: New page: Asset Save: multiple assets
[2020.05.12-06.44.24:612][495]LogContentValidation: Display: Validating World /Game/Level_SeaRaider.Level_SeaRaider
[2020.05.12-06.44.24:612][495]LogContentValidation: Display: Validating MapBuildDataRegistry /Game/Level_SeaRaider_BuiltData.Level_SeaRaider_BuiltData
[2020.05.12-06.45.26:994][486]LogTemp: Repeating last play command: Selected Viewport
[2020.05.12-06.45.27:013][486]LogBlueprintUserMessages: Early PlayInEditor Detection: Level '/Game/Level_SeaRaider.Level_SeaRaider:PersistentLevel' has LevelScriptBlueprint '/Game/Level_SeaRaider.Level_SeaRaider:PersistentLevel.Level_SeaRaider' with GeneratedClass '/Game/Level_SeaRaider.Level_SeaRaider_C' with ClassGeneratedBy '/Game/Level_SeaRaider.Level_SeaRaider:PersistentLevel.Level_SeaRaider'
[2020.05.12-06.45.27:013][486]LogPlayLevel: PlayLevel: No blueprints needed recompiling
[2020.05.12-06.45.27:014][486]PIE: New page: PIE session: Level_SeaRaider (May 11, 2020, 10:45:27 PM)
[2020.05.12-06.45.27:014][486]LogPlayLevel: Creating play world package: /Game/UEDPIE_0_Level_SeaRaider
[2020.05.12-06.45.27:841][486]LogPlayLevel: PIE: StaticDuplicateObject took: (0.826396s)
[2020.05.12-06.45.27:843][486]LogAIModule: Creating AISystem for world Level_SeaRaider
[2020.05.12-06.45.27:843][486]LogPlayLevel: PIE: World Init took: (0.001906s)
[2020.05.12-06.45.27:844][486]LogPlayLevel: PIE: Created PIE world by copying editor world from /Game/Level_SeaRaider.Level_SeaRaider to /Game/UEDPIE_0_Level_SeaRaider.Level_SeaRaider (0.828929s)
[2020.05.12-06.45.27:892][486]LogUObjectHash: Compacting FUObjectHashTables data took   4.82ms
[2020.05.12-06.45.27:894][486]LogAudioMixer: Display: Audio Mixer Platform Settings:
[2020.05.12-06.45.27:894][486]LogAudioMixer: Display: 	Sample Rate:						  48000
[2020.05.12-06.45.27:894][486]LogAudioMixer: Display: 	Callback Buffer Frame Size Requested: 1024
[2020.05.12-06.45.27:894][486]LogAudioMixer: Display: 	Callback Buffer Frame Size To Use:	  1024
[2020.05.12-06.45.27:894][486]LogAudioMixer: Display: 	Number of buffers to queue:			  2
[2020.05.12-06.45.27:894][486]LogAudioMixer: Display: 	Max Channels (voices):				  32
[2020.05.12-06.45.27:894][486]LogAudioMixer: Display: 	Number of Async Source Workers:		  0
[2020.05.12-06.45.27:894][486]LogAudio: Display: AudioDevice MaxSources: 32
[2020.05.12-06.45.27:895][486]LogAudio: Display: Using built-in audio occlusion.
[2020.05.12-06.45.27:895][486]LogAudioMixer: Display: Initializing audio mixer.
[2020.05.12-06.45.27:902][486]LogAudioMixer: Display: Audio Device Output Speaker Info:
[2020.05.12-06.45.27:902][486]LogAudioMixer: Display: Name: Speakers / Headphones (Realtek Audio)
[2020.05.12-06.45.27:902][486]LogAudioMixer: Display: Is Default: Yes
[2020.05.12-06.45.27:902][486]LogAudioMixer: Display: Sample Rate: 48000
[2020.05.12-06.45.27:902][486]LogAudioMixer: Display: Channel Count Used: 2
[2020.05.12-06.45.27:902][486]LogAudioMixer: Display: Device Channel Count: 2
[2020.05.12-06.45.27:902][486]LogAudioMixer: Display: Channel Order:
[2020.05.12-06.45.27:902][486]LogAudioMixer: Display: 0: FrontLeft
[2020.05.12-06.45.27:902][486]LogAudioMixer: Display: 1: FrontRight
[2020.05.12-06.45.28:148][486]LogAudioMixer: Display: Using Audio Device Speakers / Headphones (Realtek Audio)
[2020.05.12-06.45.28:150][486]LogInit: FAudioDevice initialized.
[2020.05.12-06.45.28:164][486]LogLoad: Game class is 'SeaRaidersGame_C'
[2020.05.12-06.45.28:174][486]LogWorld: Bringing World /Game/UEDPIE_0_Level_SeaRaider.Level_SeaRaider up for play (max tick rate 60) at 2020.05.12-02.45.28
[2020.05.12-06.45.28:175][486]LogWorld: Bringing up level for play took: 0.009428
[2020.05.12-06.45.28:175][486]LogOnline: OSS: Creating online subsystem instance for: :Context_8
[2020.05.12-06.45.28:177][486]LogGameMode: Display: Match State Changed from EnteringMap to WaitingToStart
[2020.05.12-06.45.28:177][486]LogGameState: Match State Changed from EnteringMap to WaitingToStart
[2020.05.12-06.45.28:177][486]LogGameMode: Display: Match State Changed from WaitingToStart to InProgress
[2020.05.12-06.45.28:179][486]LogGameState: Match State Changed from WaitingToStart to InProgress
[2020.05.12-06.45.28:179][486]PIE: Play in editor start time for /Game/UEDPIE_0_Level_SeaRaider 1.621
[2020.05.12-06.45.28:180][486]LogBlueprintUserMessages: Late PlayInEditor Detection: Level '/Game/Level_SeaRaider.Level_SeaRaider:PersistentLevel' has LevelScriptBlueprint '/Game/Level_SeaRaider.Level_SeaRaider:PersistentLevel.Level_SeaRaider' with GeneratedClass '/Game/Level_SeaRaider.Level_SeaRaider_C' with ClassGeneratedBy '/Game/Level_SeaRaider.Level_SeaRaider:PersistentLevel.Level_SeaRaider'
[2020.05.12-06.45.51:257][971]LogAudioMixer: Display: No commands were queued while flushing the source manager.
[2020.05.12-06.45.51:257][971]LogAudioMixer: Display: No commands were queued while flushing the source manager.
[2020.05.12-06.45.51:258][971]LogBlueprintUserMessages: Early EndPlayMap Detection: Level '/Game/Level_SeaRaider.Level_SeaRaider:PersistentLevel' has LevelScriptBlueprint '/Game/Level_SeaRaider.Level_SeaRaider:PersistentLevel.Level_SeaRaider' with GeneratedClass '/Game/Level_SeaRaider.Level_SeaRaider_C' with ClassGeneratedBy '/Game/Level_SeaRaider.Level_SeaRaider:PersistentLevel.Level_SeaRaider'
[2020.05.12-06.45.51:285][971]LogSlate: Updating window title bar state: overlay mode, drag disabled, window buttons hidden, title bar hidden
[2020.05.12-06.45.51:285][971]LogWorld: BeginTearingDown for /Game/UEDPIE_0_Level_SeaRaider
[2020.05.12-06.45.51:285][971]LogAudioMixer: Display: No commands were queued while flushing the source manager.
[2020.05.12-06.45.51:339][971]LogWorld: UWorld::CleanupWorld for Level_SeaRaider, bSessionEnded=true, bCleanupResources=true
[2020.05.12-06.45.51:343][971]LogSlate: InvalidateAllWidgets triggered.  All widgets were invalidated
[2020.05.12-06.45.51:389][971]LogPlayLevel: Display: Shutting down PIE online subsystems
[2020.05.12-06.45.51:389][971]LogBlueprintUserMessages: Late EndPlayMap Detection: Level '/Game/Level_SeaRaider.Level_SeaRaider:PersistentLevel' has LevelScriptBlueprint '/Game/Level_SeaRaider.Level_SeaRaider:PersistentLevel.Level_SeaRaider' with GeneratedClass '/Game/Level_SeaRaider.Level_SeaRaider_C' with ClassGeneratedBy '/Game/Level_SeaRaider.Level_SeaRaider:PersistentLevel.Level_SeaRaider'
[2020.05.12-06.45.51:407][971]LogSlate: InvalidateAllWidgets triggered.  All widgets were invalidated
[2020.05.12-06.45.51:485][971]LogAudioMixer: Display: No commands were queued while flushing the source manager.
[2020.05.12-06.45.51:498][971]LogSlate: Updating window title bar state: overlay mode, drag disabled, window buttons hidden, title bar hidden
[2020.05.12-06.45.51:527][971]LogUObjectHash: Compacting FUObjectHashTables data took   6.86ms
[2020.05.12-06.45.51:688][972]LogPlayLevel: Display: Destroying online subsystem :Context_8
[2020.05.12-06.45.51:903][972]LogSlate: Took 0.055430 seconds to synchronously load lazily loaded font '../../../Engine/Content/Slate/Fonts/DroidSansMono.ttf' (77K)
[2020.05.12-06.47.40:471][513]BlueprintLog: New page: Compile MovingBoat
[2020.05.12-06.47.41:048][513]LogUObjectHash: Compacting FUObjectHashTables data took   4.84ms
[2020.05.12-06.47.42:550][528]Cmd: OBJ SAVEPACKAGE PACKAGE="/Game/MovingPlatform/MovingBoat" FILE="../../../../../../Users/roman/OneDrive/Documents/Unreal Projects/MI482_Final/Content/MovingPlatform/MovingBoat.uasset" SILENT=true
[2020.05.12-06.47.42:609][528]LogSavePackage: Moving '../../../../../../Users/roman/OneDrive/Documents/Unreal Projects/MI482_Final/Saved/MovingBoat29374AEE4CA2349B67835A92808C1B84.tmp' to '../../../../../../Users/roman/OneDrive/Documents/Unreal Projects/MI482_Final/Content/MovingPlatform/MovingBoat.uasset'
[2020.05.12-06.47.42:639][528]AssetCheck: New page: Asset Save: MovingBoat
[2020.05.12-06.47.42:640][528]LogContentValidation: Display: Validating Blueprint /Game/MovingPlatform/MovingBoat.MovingBoat
[2020.05.12-06.48.37:324][350]LogUObjectHash: Compacting FUObjectHashTables data took   9.23ms
[2020.05.12-06.48.37:339][350]LogBlueprint: Warning: [Compiler PersistentLevel.Level_SeaRaider] Node  Unknown  is not referencing a valid level actor
[2020.05.12-06.48.39:364][350]LogSavePackage: Moving '../../../../../../Users/roman/OneDrive/Documents/Unreal Projects/MI482_Final/Saved/Level_SeaRaiderBFFA7C5B46438BFAC58F779EE04929DF.tmp' to '../../../../../../Users/roman/OneDrive/Documents/Unreal Projects/MI482_Final/Content/Level_SeaRaider.umap'
[2020.05.12-06.48.39:383][350]Cmd: OBJ SAVEPACKAGE PACKAGE="/Game/Level_SeaRaider_BuiltData" FILE="../../../../../../Users/roman/OneDrive/Documents/Unreal Projects/MI482_Final/Content/Level_SeaRaider_BuiltData.uasset" SILENT=true
[2020.05.12-06.48.39:466][350]LogSavePackage: Moving '../../../../../../Users/roman/OneDrive/Documents/Unreal Projects/MI482_Final/Saved/Level_SeaRaider_BuiltDataBEFADB374857661EC4CEAC9314623764.tmp' to '../../../../../../Users/roman/OneDrive/Documents/Unreal Projects/MI482_Final/Content/Level_SeaRaider_BuiltData.uasset'
[2020.05.12-06.48.39:503][350]AssetCheck: New page: Asset Save: multiple assets
[2020.05.12-06.48.39:503][350]LogContentValidation: Display: Validating World /Game/Level_SeaRaider.Level_SeaRaider
[2020.05.12-06.48.39:503][350]LogContentValidation: Display: Validating MapBuildDataRegistry /Game/Level_SeaRaider_BuiltData.Level_SeaRaider_BuiltData
[2020.05.12-06.48.45:537][459]LogEditorViewport: Clicking on Actor (LMB): MovingBoat_C (MovingBoat)
[2020.05.12-06.48.56:687][650]LogEditorViewport: Clicking on Actor (LMB): Landscape (Landscape)
[2020.05.12-06.48.59:969][701]LogEditorViewport: Clicking on Actor (LMB): MovingBoat_C (MovingBoat)
[2020.05.12-06.49.16:148][978]LogUObjectHash: Compacting FUObjectHashTables data took   6.69ms
[2020.05.12-06.49.16:161][978]LogBlueprint: Warning: [Compiler PersistentLevel.Level_SeaRaider] Node  Unknown  is not referencing a valid level actor
[2020.05.12-06.49.18:319][978]LogSavePackage: Moving '../../../../../../Users/roman/OneDrive/Documents/Unreal Projects/MI482_Final/Saved/Level_SeaRaider32080A3340C50D8755CD8299EF6AFCEF.tmp' to '../../../../../../Users/roman/OneDrive/Documents/Unreal Projects/MI482_Final/Content/Level_SeaRaider.umap'
[2020.05.12-06.49.18:338][978]Cmd: OBJ SAVEPACKAGE PACKAGE="/Game/Level_SeaRaider_BuiltData" FILE="../../../../../../Users/roman/OneDrive/Documents/Unreal Projects/MI482_Final/Content/Level_SeaRaider_BuiltData.uasset" SILENT=true
[2020.05.12-06.49.18:425][978]LogSavePackage: Moving '../../../../../../Users/roman/OneDrive/Documents/Unreal Projects/MI482_Final/Saved/Level_SeaRaider_BuiltDataCBF1437B401CC0580E6B7B8E45391903.tmp' to '../../../../../../Users/roman/OneDrive/Documents/Unreal Projects/MI482_Final/Content/Level_SeaRaider_BuiltData.uasset'
[2020.05.12-06.49.18:455][978]AssetCheck: New page: Asset Save: multiple assets
[2020.05.12-06.49.18:456][978]LogContentValidation: Display: Validating World /Game/Level_SeaRaider.Level_SeaRaider
[2020.05.12-06.49.18:456][978]LogContentValidation: Display: Validating MapBuildDataRegistry /Game/Level_SeaRaider_BuiltData.Level_SeaRaider_BuiltData
[2020.05.12-06.49.54:823][624]Cmd: TRANSACTION UNDO
[2020.05.12-06.49.54:824][624]LogEditorTransaction: Undo Move Actors
[2020.05.12-06.49.55:934][641]Cmd: TRANSACTION UNDO
[2020.05.12-06.49.55:934][641]LogEditorTransaction: Undo Move Actors
[2020.05.12-06.50.21:666][ 35]LogEditorViewport: Clicking on Actor (LMB): MovingBoat_C (MovingBoat)
[2020.05.12-06.50.50:781][544]Cmd: CAMERA ALIGN ACTIVEVIEWPORTONLY
[2020.05.12-06.51.17:193][128]Cmd: CAMERA ALIGN ACTIVEVIEWPORTONLY
[2020.05.12-06.51.19:028][159]LogD3D11RHI: Timed out while waiting for GPU to catch up. (0.5 s) (ErrorCode 00000001)
[2020.05.12-06.51.21:527][159]LogD3D11RHI: Timed out while waiting for GPU to catch up. (0.5 s) (ErrorCode 00000001)
[2020.05.12-06.51.22:729][159]LogD3D11RHI: Error: Result failed 
 at D:/Build/++UE4/Sync/Engine/Source/Runtime/Windows/D3D11RHI/Private/D3D11Query.cpp:348 
 with error DXGI_ERROR_DEVICE_REMOVED DXGI_ERROR_DEVICE_HUNG
[2020.05.12-06.51.22:729][159]LogD3D11RHI: [Aftermath] GDynamicRHI=000002363610C0C0, GDX11NVAfterMathEnabled=0, Result=0xFFFFFFFF, bDeviceActive=0
[2020.05.12-06.51.23:155][159]LogWindows: Windows GetLastError: The operation completed successfully. (0)
